#
# There is insufficient memory for the Java Runtime Environment to continue.
# Native memory allocation (malloc) failed to allocate 331216 bytes for Chunk::new
# Possible reasons:
#   The system is out of physical RAM or swap space
#   The process is running with CompressedOops enabled, and the Java Heap may be blocking the growth of the native heap
# Possible solutions:
#   Reduce memory load on the system
#   Increase physical memory or swap space
#   Check if swap backing store is full
#   Decrease Java heap size (-Xmx/-Xms)
#   Decrease number of Java threads
#   Decrease Java thread stack sizes (-Xss)
#   Set larger code cache with -XX:ReservedCodeCacheSize=
#   JVM is running with Unscaled Compressed Oops mode in which the Java heap is
#     placed in the first 4GB address space. The Java Heap base address is the
#     maximum limit for the native heap growth. Please use -XX:HeapBaseMinAddress
#     to set the Java Heap base and to place the Java Heap above 4GB virtual address.
# This output file may be truncated or incomplete.
#
#  Out of Memory Error (arena.cpp:168), pid=61116, tid=49120
#
# JRE version: Java(TM) SE Runtime Environment (21.0.9+7) (build 21.0.9+7-LTS-338)
# Java VM: Java HotSpot(TM) 64-Bit Server VM (21.0.9+7-LTS-338, mixed mode, sharing, tiered, compressed oops, compressed class ptrs, g1 gc, windows-amd64)
# No core dump will be written. Minidumps are not enabled by default on client versions of Windows
#

---------------  S U M M A R Y ------------

Command Line: -javaagent:C:\Program Files\JetBrains\IntelliJ IDEA 2025.2.4\lib\idea_rt.jar=60534 -Dfile.encoding=UTF-8 -Dsun.stdout.encoding=UTF-8 -Dsun.stderr.encoding=UTF-8 com.example.projeto_turismo.ProjetoTurismoApplication

Host: 12th Gen Intel(R) Core(TM) i3-1215U, 8 cores, 7G,  Windows 11 , 64 bit Build 26100 (10.0.26100.8246)
Time: Mon Jun  8 12:09:43 2026 Hora oficial do Brasil elapsed time: 4.734715 seconds (0d 0h 0m 4s)

---------------  T H R E A D  ---------------

Current thread (0x0000021140cca890):  JavaThread "C2 CompilerThread0" daemon [_thread_in_native, id=49120, stack(0x000000818cb00000,0x000000818cc00000) (1024K)]


Current CompileTask:
C2:   4734 1431       4       jdk.internal.loader.URLClassPath::getResource (74 bytes)

Stack: [0x000000818cb00000,0x000000818cc00000]
Native frames: (J=compiled Java code, j=interpreted, Vv=VM code, C=native code)
V  [jvm.dll+0x6cbf89]
V  [jvm.dll+0x858421]
V  [jvm.dll+0x85a94e]
V  [jvm.dll+0x85b023]
V  [jvm.dll+0x27ebc6]
V  [jvm.dll+0xc4f4d]
V  [jvm.dll+0xc5483]
V  [jvm.dll+0x2f1f8d]
V  [jvm.dll+0x5f6cea]
V  [jvm.dll+0x2506d2]
V  [jvm.dll+0x249153]
V  [jvm.dll+0x246b14]
V  [jvm.dll+0x1c7a3e]
V  [jvm.dll+0x256329]
V  [jvm.dll+0x2548ba]
V  [jvm.dll+0x3efdee]
V  [jvm.dll+0x80265b]
V  [jvm.dll+0x6ca66d]
C  [ucrtbase.dll+0x37b0]
C  [KERNEL32.DLL+0x2e8d7]
C  [ntdll.dll+0x8c3fc]


---------------  P R O C E S S  ---------------

Threads class SMR info:
_java_thread_list=0x0000021140ca9bd0, length=14, elements={
0x0000021122143d40, 0x0000021140cb4dc0, 0x0000021140cb9840, 0x0000021140cbbb80,
0x0000021140cbc5e0, 0x0000021140cbd7e0, 0x0000021140cc3720, 0x0000021140cca890,
0x0000021140cfcd00, 0x00000211862bcd60, 0x0000021186569ab0, 0x000002118656a120,
0x0000021186ebf470, 0x0000021186ecb760
}

Java Threads: ( => current thread )
  0x0000021122143d40 JavaThread "main"                              [_thread_blocked, id=49268, stack(0x000000818bd00000,0x000000818be00000) (1024K)]
  0x0000021140cb4dc0 JavaThread "Reference Handler"          daemon [_thread_blocked, id=25464, stack(0x000000818c500000,0x000000818c600000) (1024K)]
  0x0000021140cb9840 JavaThread "Finalizer"                  daemon [_thread_blocked, id=8380, stack(0x000000818c600000,0x000000818c700000) (1024K)]
  0x0000021140cbbb80 JavaThread "Signal Dispatcher"          daemon [_thread_blocked, id=62016, stack(0x000000818c700000,0x000000818c800000) (1024K)]
  0x0000021140cbc5e0 JavaThread "Attach Listener"            daemon [_thread_blocked, id=20784, stack(0x000000818c800000,0x000000818c900000) (1024K)]
  0x0000021140cbd7e0 JavaThread "Service Thread"             daemon [_thread_blocked, id=52120, stack(0x000000818c900000,0x000000818ca00000) (1024K)]
  0x0000021140cc3720 JavaThread "Monitor Deflation Thread"   daemon [_thread_blocked, id=23764, stack(0x000000818ca00000,0x000000818cb00000) (1024K)]
=>0x0000021140cca890 JavaThread "C2 CompilerThread0"         daemon [_thread_in_native, id=49120, stack(0x000000818cb00000,0x000000818cc00000) (1024K)]
  0x0000021140cfcd00 JavaThread "C1 CompilerThread0"         daemon [_thread_in_native, id=54964, stack(0x000000818cc00000,0x000000818cd00000) (1024K)]
  0x00000211862bcd60 JavaThread "Common-Cleaner"             daemon [_thread_blocked, id=22284, stack(0x000000818cd00000,0x000000818ce00000) (1024K)]
  0x0000021186569ab0 JavaThread "Monitor Ctrl-Break"         daemon [_thread_in_native, id=50380, stack(0x000000818ce00000,0x000000818cf00000) (1024K)]
  0x000002118656a120 JavaThread "Notification Thread"        daemon [_thread_blocked, id=44924, stack(0x000000818cf00000,0x000000818d000000) (1024K)]
  0x0000021186ebf470 JavaThread "Thread-0"                          [_thread_blocked, id=51360, stack(0x000000818d000000,0x000000818d100000) (1024K)]
  0x0000021186ecb760 JavaThread "restartedMain"                     [_thread_in_native, id=2904, stack(0x000000818d600000,0x000000818d700000) (1024K)]
Total: 14

Other Threads:
  0x0000021140c99cc0 VMThread "VM Thread"                           [id=49368, stack(0x000000818c400000,0x000000818c500000) (1024K)]
  0x0000021140c86560 WatcherThread "VM Periodic Task Thread"        [id=4204, stack(0x000000818c300000,0x000000818c400000) (1024K)]
  0x000002112443c9a0 WorkerThread "GC Thread#0"                     [id=59588, stack(0x000000818be00000,0x000000818bf00000) (1024K)]
  0x0000021186ebfee0 WorkerThread "GC Thread#1"                     [id=40196, stack(0x000000818d100000,0x000000818d200000) (1024K)]
  0x0000021186ec0290 WorkerThread "GC Thread#2"                     [id=54432, stack(0x000000818d200000,0x000000818d300000) (1024K)]
  0x0000021186ebc130 WorkerThread "GC Thread#3"                     [id=43060, stack(0x000000818d300000,0x000000818d400000) (1024K)]
  0x0000021186d82310 WorkerThread "GC Thread#4"                     [id=54560, stack(0x000000818d400000,0x000000818d500000) (1024K)]
  0x0000021186d89870 WorkerThread "GC Thread#5"                     [id=20864, stack(0x000000818d500000,0x000000818d600000) (1024K)]
  0x000002112444dea0 ConcurrentGCThread "G1 Main Marker"            [id=13724, stack(0x000000818bf00000,0x000000818c000000) (1024K)]
  0x000002112444e8c0 WorkerThread "G1 Conc#0"                       [id=5144, stack(0x000000818c000000,0x000000818c100000) (1024K)]
  0x0000021140b595d0 ConcurrentGCThread "G1 Refine#0"               [id=15444, stack(0x000000818c100000,0x000000818c200000) (1024K)]
  0x0000021140b59e00 ConcurrentGCThread "G1 Service"                [id=61328, stack(0x000000818c200000,0x000000818c300000) (1024K)]
Total: 12

Threads with active compile tasks:
C2 CompilerThread0     4772 1431       4       jdk.internal.loader.URLClassPath::getResource (74 bytes)
C1 CompilerThread0     4772 1495       3       java.lang.invoke.ClassSpecializer$SpeciesData::fieldCount (10 bytes)
Total: 2

VM state: not at safepoint (normal execution)

VM Mutex/Monitor currently owned by a thread: None

Heap address: 0x0000000084400000, size: 1980 MB, Compressed Oops mode: 32-bit

CDS archive(s) mapped at: [0x0000021141000000-0x0000021141c90000-0x0000021141c90000), size 13172736, SharedBaseAddress: 0x0000021141000000, ArchiveRelocationMode: 1.
Compressed class space mapped at: 0x0000021142000000-0x0000021182000000, reserved size: 1073741824
Narrow klass base: 0x0000021141000000, Narrow klass shift: 0, Narrow klass range: 0x100000000

GC Precious Log:
 CardTable entry size: 512
 Card Set container configuration: InlinePtr #cards 5 size 8 Array Of Cards #cards 12 size 40 Howl #buckets 4 coarsen threshold 1843 Howl Bitmap #cards 512 size 80 coarsen threshold 460 Card regions per heap region 1 cards per card region 2048
 CPUs: 8 total, 8 available
 Memory: 7916M
 Large Page Support: Disabled
 NUMA Support: Disabled
 Compressed Oops: Enabled (32-bit)
 Heap Region Size: 1M
 Heap Min Capacity: 8M
 Heap Initial Capacity: 124M
 Heap Max Capacity: 1980M
 Pre-touch: Disabled
 Parallel Workers: 8
 Concurrent Workers: 2
 Concurrent Refinement Workers: 8
 Periodic GC: Disabled

Heap:
 garbage-first heap   total 126976K, used 18052K [0x0000000084400000, 0x0000000100000000)
  region size 1024K, 14 young (14336K), 3 survivors (3072K)
 Metaspace       used 7776K, committed 8064K, reserved 1114112K
  class space    used 908K, committed 1024K, reserved 1048576K

Heap Regions: E=young(eden), S=young(survivor), O=old, HS=humongous(starts), HC=humongous(continues), CS=collection set, F=free, TAMS=top-at-mark-start, PB=parsable bottom
|   0|0x0000000084400000, 0x0000000084500000, 0x0000000084500000|100%|HS|  |TAMS 0x0000000084400000| PB 0x0000000084400000| Complete 
|   1|0x0000000084500000, 0x0000000084600000, 0x0000000084600000|100%| O|  |TAMS 0x0000000084500000| PB 0x0000000084500000| Untracked 
|   2|0x0000000084600000, 0x0000000084700000, 0x0000000084700000|100%| O|  |TAMS 0x0000000084600000| PB 0x0000000084600000| Untracked 
|   3|0x0000000084700000, 0x0000000084800000, 0x0000000084800000|100%| O|  |TAMS 0x0000000084700000| PB 0x0000000084700000| Untracked 
|   4|0x0000000084800000, 0x00000000848a1010, 0x0000000084900000| 62%| O|  |TAMS 0x0000000084800000| PB 0x0000000084800000| Untracked 
|   5|0x0000000084900000, 0x0000000084900000, 0x0000000084a00000|  0%| F|  |TAMS 0x0000000084900000| PB 0x0000000084900000| Untracked 
|   6|0x0000000084a00000, 0x0000000084a00000, 0x0000000084b00000|  0%| F|  |TAMS 0x0000000084a00000| PB 0x0000000084a00000| Untracked 
|   7|0x0000000084b00000, 0x0000000084b00000, 0x0000000084c00000|  0%| F|  |TAMS 0x0000000084b00000| PB 0x0000000084b00000| Untracked 
|   8|0x0000000084c00000, 0x0000000084c00000, 0x0000000084d00000|  0%| F|  |TAMS 0x0000000084c00000| PB 0x0000000084c00000| Untracked 
|   9|0x0000000084d00000, 0x0000000084d00000, 0x0000000084e00000|  0%| F|  |TAMS 0x0000000084d00000| PB 0x0000000084d00000| Untracked 
|  10|0x0000000084e00000, 0x0000000084e00000, 0x0000000084f00000|  0%| F|  |TAMS 0x0000000084e00000| PB 0x0000000084e00000| Untracked 
|  11|0x0000000084f00000, 0x0000000084f00000, 0x0000000085000000|  0%| F|  |TAMS 0x0000000084f00000| PB 0x0000000084f00000| Untracked 
|  12|0x0000000085000000, 0x0000000085000000, 0x0000000085100000|  0%| F|  |TAMS 0x0000000085000000| PB 0x0000000085000000| Untracked 
|  13|0x0000000085100000, 0x0000000085100000, 0x0000000085200000|  0%| F|  |TAMS 0x0000000085100000| PB 0x0000000085100000| Untracked 
|  14|0x0000000085200000, 0x0000000085200000, 0x0000000085300000|  0%| F|  |TAMS 0x0000000085200000| PB 0x0000000085200000| Untracked 
|  15|0x0000000085300000, 0x0000000085300000, 0x0000000085400000|  0%| F|  |TAMS 0x0000000085300000| PB 0x0000000085300000| Untracked 
|  16|0x0000000085400000, 0x0000000085400000, 0x0000000085500000|  0%| F|  |TAMS 0x0000000085400000| PB 0x0000000085400000| Untracked 
|  17|0x0000000085500000, 0x0000000085500000, 0x0000000085600000|  0%| F|  |TAMS 0x0000000085500000| PB 0x0000000085500000| Untracked 
|  18|0x0000000085600000, 0x0000000085600000, 0x0000000085700000|  0%| F|  |TAMS 0x0000000085600000| PB 0x0000000085600000| Untracked 
|  19|0x0000000085700000, 0x0000000085700000, 0x0000000085800000|  0%| F|  |TAMS 0x0000000085700000| PB 0x0000000085700000| Untracked 
|  20|0x0000000085800000, 0x0000000085800000, 0x0000000085900000|  0%| F|  |TAMS 0x0000000085800000| PB 0x0000000085800000| Untracked 
|  21|0x0000000085900000, 0x0000000085900000, 0x0000000085a00000|  0%| F|  |TAMS 0x0000000085900000| PB 0x0000000085900000| Untracked 
|  22|0x0000000085a00000, 0x0000000085a00000, 0x0000000085b00000|  0%| F|  |TAMS 0x0000000085a00000| PB 0x0000000085a00000| Untracked 
|  23|0x0000000085b00000, 0x0000000085b00000, 0x0000000085c00000|  0%| F|  |TAMS 0x0000000085b00000| PB 0x0000000085b00000| Untracked 
|  24|0x0000000085c00000, 0x0000000085c00000, 0x0000000085d00000|  0%| F|  |TAMS 0x0000000085c00000| PB 0x0000000085c00000| Untracked 
|  25|0x0000000085d00000, 0x0000000085d00000, 0x0000000085e00000|  0%| F|  |TAMS 0x0000000085d00000| PB 0x0000000085d00000| Untracked 
|  26|0x0000000085e00000, 0x0000000085e00000, 0x0000000085f00000|  0%| F|  |TAMS 0x0000000085e00000| PB 0x0000000085e00000| Untracked 
|  27|0x0000000085f00000, 0x0000000085f00000, 0x0000000086000000|  0%| F|  |TAMS 0x0000000085f00000| PB 0x0000000085f00000| Untracked 
|  28|0x0000000086000000, 0x0000000086000000, 0x0000000086100000|  0%| F|  |TAMS 0x0000000086000000| PB 0x0000000086000000| Untracked 
|  29|0x0000000086100000, 0x0000000086100000, 0x0000000086200000|  0%| F|  |TAMS 0x0000000086100000| PB 0x0000000086100000| Untracked 
|  30|0x0000000086200000, 0x0000000086200000, 0x0000000086300000|  0%| F|  |TAMS 0x0000000086200000| PB 0x0000000086200000| Untracked 
|  31|0x0000000086300000, 0x0000000086300000, 0x0000000086400000|  0%| F|  |TAMS 0x0000000086300000| PB 0x0000000086300000| Untracked 
|  32|0x0000000086400000, 0x0000000086400000, 0x0000000086500000|  0%| F|  |TAMS 0x0000000086400000| PB 0x0000000086400000| Untracked 
|  33|0x0000000086500000, 0x0000000086500000, 0x0000000086600000|  0%| F|  |TAMS 0x0000000086500000| PB 0x0000000086500000| Untracked 
|  34|0x0000000086600000, 0x0000000086600000, 0x0000000086700000|  0%| F|  |TAMS 0x0000000086600000| PB 0x0000000086600000| Untracked 
|  35|0x0000000086700000, 0x0000000086700000, 0x0000000086800000|  0%| F|  |TAMS 0x0000000086700000| PB 0x0000000086700000| Untracked 
|  36|0x0000000086800000, 0x0000000086800000, 0x0000000086900000|  0%| F|  |TAMS 0x0000000086800000| PB 0x0000000086800000| Untracked 
|  37|0x0000000086900000, 0x0000000086900000, 0x0000000086a00000|  0%| F|  |TAMS 0x0000000086900000| PB 0x0000000086900000| Untracked 
|  38|0x0000000086a00000, 0x0000000086a00000, 0x0000000086b00000|  0%| F|  |TAMS 0x0000000086a00000| PB 0x0000000086a00000| Untracked 
|  39|0x0000000086b00000, 0x0000000086b00000, 0x0000000086c00000|  0%| F|  |TAMS 0x0000000086b00000| PB 0x0000000086b00000| Untracked 
|  40|0x0000000086c00000, 0x0000000086c00000, 0x0000000086d00000|  0%| F|  |TAMS 0x0000000086c00000| PB 0x0000000086c00000| Untracked 
|  41|0x0000000086d00000, 0x0000000086d00000, 0x0000000086e00000|  0%| F|  |TAMS 0x0000000086d00000| PB 0x0000000086d00000| Untracked 
|  42|0x0000000086e00000, 0x0000000086e00000, 0x0000000086f00000|  0%| F|  |TAMS 0x0000000086e00000| PB 0x0000000086e00000| Untracked 
|  43|0x0000000086f00000, 0x0000000086f00000, 0x0000000087000000|  0%| F|  |TAMS 0x0000000086f00000| PB 0x0000000086f00000| Untracked 
|  44|0x0000000087000000, 0x0000000087000000, 0x0000000087100000|  0%| F|  |TAMS 0x0000000087000000| PB 0x0000000087000000| Untracked 
|  45|0x0000000087100000, 0x0000000087100000, 0x0000000087200000|  0%| F|  |TAMS 0x0000000087100000| PB 0x0000000087100000| Untracked 
|  46|0x0000000087200000, 0x0000000087200000, 0x0000000087300000|  0%| F|  |TAMS 0x0000000087200000| PB 0x0000000087200000| Untracked 
|  47|0x0000000087300000, 0x0000000087300000, 0x0000000087400000|  0%| F|  |TAMS 0x0000000087300000| PB 0x0000000087300000| Untracked 
|  48|0x0000000087400000, 0x0000000087400000, 0x0000000087500000|  0%| F|  |TAMS 0x0000000087400000| PB 0x0000000087400000| Untracked 
|  49|0x0000000087500000, 0x0000000087500000, 0x0000000087600000|  0%| F|  |TAMS 0x0000000087500000| PB 0x0000000087500000| Untracked 
|  50|0x0000000087600000, 0x0000000087600000, 0x0000000087700000|  0%| F|  |TAMS 0x0000000087600000| PB 0x0000000087600000| Untracked 
|  51|0x0000000087700000, 0x0000000087700000, 0x0000000087800000|  0%| F|  |TAMS 0x0000000087700000| PB 0x0000000087700000| Untracked 
|  52|0x0000000087800000, 0x0000000087800000, 0x0000000087900000|  0%| F|  |TAMS 0x0000000087800000| PB 0x0000000087800000| Untracked 
|  53|0x0000000087900000, 0x0000000087900000, 0x0000000087a00000|  0%| F|  |TAMS 0x0000000087900000| PB 0x0000000087900000| Untracked 
|  54|0x0000000087a00000, 0x0000000087a00000, 0x0000000087b00000|  0%| F|  |TAMS 0x0000000087a00000| PB 0x0000000087a00000| Untracked 
|  55|0x0000000087b00000, 0x0000000087b00000, 0x0000000087c00000|  0%| F|  |TAMS 0x0000000087b00000| PB 0x0000000087b00000| Untracked 
|  56|0x0000000087c00000, 0x0000000087c00000, 0x0000000087d00000|  0%| F|  |TAMS 0x0000000087c00000| PB 0x0000000087c00000| Untracked 
|  57|0x0000000087d00000, 0x0000000087d00000, 0x0000000087e00000|  0%| F|  |TAMS 0x0000000087d00000| PB 0x0000000087d00000| Untracked 
|  58|0x0000000087e00000, 0x0000000087e00000, 0x0000000087f00000|  0%| F|  |TAMS 0x0000000087e00000| PB 0x0000000087e00000| Untracked 
|  59|0x0000000087f00000, 0x0000000087f00000, 0x0000000088000000|  0%| F|  |TAMS 0x0000000087f00000| PB 0x0000000087f00000| Untracked 
|  60|0x0000000088000000, 0x0000000088000000, 0x0000000088100000|  0%| F|  |TAMS 0x0000000088000000| PB 0x0000000088000000| Untracked 
|  61|0x0000000088100000, 0x0000000088100000, 0x0000000088200000|  0%| F|  |TAMS 0x0000000088100000| PB 0x0000000088100000| Untracked 
|  62|0x0000000088200000, 0x0000000088200000, 0x0000000088300000|  0%| F|  |TAMS 0x0000000088200000| PB 0x0000000088200000| Untracked 
|  63|0x0000000088300000, 0x0000000088300000, 0x0000000088400000|  0%| F|  |TAMS 0x0000000088300000| PB 0x0000000088300000| Untracked 
|  64|0x0000000088400000, 0x0000000088400000, 0x0000000088500000|  0%| F|  |TAMS 0x0000000088400000| PB 0x0000000088400000| Untracked 
|  65|0x0000000088500000, 0x0000000088500000, 0x0000000088600000|  0%| F|  |TAMS 0x0000000088500000| PB 0x0000000088500000| Untracked 
|  66|0x0000000088600000, 0x0000000088600000, 0x0000000088700000|  0%| F|  |TAMS 0x0000000088600000| PB 0x0000000088600000| Untracked 
|  67|0x0000000088700000, 0x0000000088700000, 0x0000000088800000|  0%| F|  |TAMS 0x0000000088700000| PB 0x0000000088700000| Untracked 
|  68|0x0000000088800000, 0x0000000088800000, 0x0000000088900000|  0%| F|  |TAMS 0x0000000088800000| PB 0x0000000088800000| Untracked 
|  69|0x0000000088900000, 0x0000000088900000, 0x0000000088a00000|  0%| F|  |TAMS 0x0000000088900000| PB 0x0000000088900000| Untracked 
|  70|0x0000000088a00000, 0x0000000088a00000, 0x0000000088b00000|  0%| F|  |TAMS 0x0000000088a00000| PB 0x0000000088a00000| Untracked 
|  71|0x0000000088b00000, 0x0000000088b00000, 0x0000000088c00000|  0%| F|  |TAMS 0x0000000088b00000| PB 0x0000000088b00000| Untracked 
|  72|0x0000000088c00000, 0x0000000088c00000, 0x0000000088d00000|  0%| F|  |TAMS 0x0000000088c00000| PB 0x0000000088c00000| Untracked 
|  73|0x0000000088d00000, 0x0000000088d00000, 0x0000000088e00000|  0%| F|  |TAMS 0x0000000088d00000| PB 0x0000000088d00000| Untracked 
|  74|0x0000000088e00000, 0x0000000088e00000, 0x0000000088f00000|  0%| F|  |TAMS 0x0000000088e00000| PB 0x0000000088e00000| Untracked 
|  75|0x0000000088f00000, 0x0000000088f00000, 0x0000000089000000|  0%| F|  |TAMS 0x0000000088f00000| PB 0x0000000088f00000| Untracked 
|  76|0x0000000089000000, 0x0000000089000000, 0x0000000089100000|  0%| F|  |TAMS 0x0000000089000000| PB 0x0000000089000000| Untracked 
|  77|0x0000000089100000, 0x0000000089100000, 0x0000000089200000|  0%| F|  |TAMS 0x0000000089100000| PB 0x0000000089100000| Untracked 
|  78|0x0000000089200000, 0x0000000089200000, 0x0000000089300000|  0%| F|  |TAMS 0x0000000089200000| PB 0x0000000089200000| Untracked 
|  79|0x0000000089300000, 0x0000000089300000, 0x0000000089400000|  0%| F|  |TAMS 0x0000000089300000| PB 0x0000000089300000| Untracked 
|  80|0x0000000089400000, 0x0000000089400000, 0x0000000089500000|  0%| F|  |TAMS 0x0000000089400000| PB 0x0000000089400000| Untracked 
|  81|0x0000000089500000, 0x0000000089500000, 0x0000000089600000|  0%| F|  |TAMS 0x0000000089500000| PB 0x0000000089500000| Untracked 
|  82|0x0000000089600000, 0x0000000089600000, 0x0000000089700000|  0%| F|  |TAMS 0x0000000089600000| PB 0x0000000089600000| Untracked 
|  83|0x0000000089700000, 0x0000000089700000, 0x0000000089800000|  0%| F|  |TAMS 0x0000000089700000| PB 0x0000000089700000| Untracked 
|  84|0x0000000089800000, 0x0000000089800000, 0x0000000089900000|  0%| F|  |TAMS 0x0000000089800000| PB 0x0000000089800000| Untracked 
|  85|0x0000000089900000, 0x0000000089900000, 0x0000000089a00000|  0%| F|  |TAMS 0x0000000089900000| PB 0x0000000089900000| Untracked 
|  86|0x0000000089a00000, 0x0000000089a00000, 0x0000000089b00000|  0%| F|  |TAMS 0x0000000089a00000| PB 0x0000000089a00000| Untracked 
|  87|0x0000000089b00000, 0x0000000089b00000, 0x0000000089c00000|  0%| F|  |TAMS 0x0000000089b00000| PB 0x0000000089b00000| Untracked 
|  88|0x0000000089c00000, 0x0000000089c00000, 0x0000000089d00000|  0%| F|  |TAMS 0x0000000089c00000| PB 0x0000000089c00000| Untracked 
|  89|0x0000000089d00000, 0x0000000089d00000, 0x0000000089e00000|  0%| F|  |TAMS 0x0000000089d00000| PB 0x0000000089d00000| Untracked 
|  90|0x0000000089e00000, 0x0000000089e00000, 0x0000000089f00000|  0%| F|  |TAMS 0x0000000089e00000| PB 0x0000000089e00000| Untracked 
|  91|0x0000000089f00000, 0x0000000089f00000, 0x000000008a000000|  0%| F|  |TAMS 0x0000000089f00000| PB 0x0000000089f00000| Untracked 
|  92|0x000000008a000000, 0x000000008a000000, 0x000000008a100000|  0%| F|  |TAMS 0x000000008a000000| PB 0x000000008a000000| Untracked 
|  93|0x000000008a100000, 0x000000008a100000, 0x000000008a200000|  0%| F|  |TAMS 0x000000008a100000| PB 0x000000008a100000| Untracked 
|  94|0x000000008a200000, 0x000000008a200000, 0x000000008a300000|  0%| F|  |TAMS 0x000000008a200000| PB 0x000000008a200000| Untracked 
|  95|0x000000008a300000, 0x000000008a300000, 0x000000008a400000|  0%| F|  |TAMS 0x000000008a300000| PB 0x000000008a300000| Untracked 
|  96|0x000000008a400000, 0x000000008a400000, 0x000000008a500000|  0%| F|  |TAMS 0x000000008a400000| PB 0x000000008a400000| Untracked 
|  97|0x000000008a500000, 0x000000008a500000, 0x000000008a600000|  0%| F|  |TAMS 0x000000008a500000| PB 0x000000008a500000| Untracked 
|  98|0x000000008a600000, 0x000000008a700000, 0x000000008a700000|100%| S|CS|TAMS 0x000000008a600000| PB 0x000000008a600000| Complete 
|  99|0x000000008a700000, 0x000000008a800000, 0x000000008a800000|100%| S|CS|TAMS 0x000000008a700000| PB 0x000000008a700000| Complete 
| 100|0x000000008a800000, 0x000000008a900000, 0x000000008a900000|100%| S|CS|TAMS 0x000000008a800000| PB 0x000000008a800000| Complete 
| 101|0x000000008a900000, 0x000000008a900000, 0x000000008aa00000|  0%| F|  |TAMS 0x000000008a900000| PB 0x000000008a900000| Untracked 
| 102|0x000000008aa00000, 0x000000008aa00000, 0x000000008ab00000|  0%| F|  |TAMS 0x000000008aa00000| PB 0x000000008aa00000| Untracked 
| 103|0x000000008ab00000, 0x000000008ab00000, 0x000000008ac00000|  0%| F|  |TAMS 0x000000008ab00000| PB 0x000000008ab00000| Untracked 
| 104|0x000000008ac00000, 0x000000008ac00000, 0x000000008ad00000|  0%| F|  |TAMS 0x000000008ac00000| PB 0x000000008ac00000| Untracked 
| 105|0x000000008ad00000, 0x000000008ad00000, 0x000000008ae00000|  0%| F|  |TAMS 0x000000008ad00000| PB 0x000000008ad00000| Untracked 
| 106|0x000000008ae00000, 0x000000008ae00000, 0x000000008af00000|  0%| F|  |TAMS 0x000000008ae00000| PB 0x000000008ae00000| Untracked 
| 107|0x000000008af00000, 0x000000008af00000, 0x000000008b000000|  0%| F|  |TAMS 0x000000008af00000| PB 0x000000008af00000| Untracked 
| 108|0x000000008b000000, 0x000000008b000000, 0x000000008b100000|  0%| F|  |TAMS 0x000000008b000000| PB 0x000000008b000000| Untracked 
| 109|0x000000008b100000, 0x000000008b100000, 0x000000008b200000|  0%| F|  |TAMS 0x000000008b100000| PB 0x000000008b100000| Untracked 
| 110|0x000000008b200000, 0x000000008b200000, 0x000000008b300000|  0%| F|  |TAMS 0x000000008b200000| PB 0x000000008b200000| Untracked 
| 111|0x000000008b300000, 0x000000008b300000, 0x000000008b400000|  0%| F|  |TAMS 0x000000008b300000| PB 0x000000008b300000| Untracked 
| 112|0x000000008b400000, 0x000000008b400000, 0x000000008b500000|  0%| F|  |TAMS 0x000000008b400000| PB 0x000000008b400000| Untracked 
| 113|0x000000008b500000, 0x000000008b547f28, 0x000000008b600000| 28%| E|  |TAMS 0x000000008b500000| PB 0x000000008b500000| Complete 
| 114|0x000000008b600000, 0x000000008b700000, 0x000000008b700000|100%| E|CS|TAMS 0x000000008b600000| PB 0x000000008b600000| Complete 
| 115|0x000000008b700000, 0x000000008b800000, 0x000000008b800000|100%| E|CS|TAMS 0x000000008b700000| PB 0x000000008b700000| Complete 
| 116|0x000000008b800000, 0x000000008b900000, 0x000000008b900000|100%| E|CS|TAMS 0x000000008b800000| PB 0x000000008b800000| Complete 
| 117|0x000000008b900000, 0x000000008ba00000, 0x000000008ba00000|100%| E|CS|TAMS 0x000000008b900000| PB 0x000000008b900000| Complete 
| 118|0x000000008ba00000, 0x000000008bb00000, 0x000000008bb00000|100%| E|CS|TAMS 0x000000008ba00000| PB 0x000000008ba00000| Complete 
| 119|0x000000008bb00000, 0x000000008bc00000, 0x000000008bc00000|100%| E|CS|TAMS 0x000000008bb00000| PB 0x000000008bb00000| Complete 
| 120|0x000000008bc00000, 0x000000008bd00000, 0x000000008bd00000|100%| E|CS|TAMS 0x000000008bc00000| PB 0x000000008bc00000| Complete 
| 121|0x000000008bd00000, 0x000000008be00000, 0x000000008be00000|100%| E|CS|TAMS 0x000000008bd00000| PB 0x000000008bd00000| Complete 
| 122|0x000000008be00000, 0x000000008bf00000, 0x000000008bf00000|100%| E|CS|TAMS 0x000000008be00000| PB 0x000000008be00000| Complete 
| 123|0x000000008bf00000, 0x000000008c000000, 0x000000008c000000|100%| E|CS|TAMS 0x000000008bf00000| PB 0x000000008bf00000| Complete 

Card table byte_map: [0x000002113bfa0000,0x000002113c380000] _byte_map_base: 0x000002113bb7e000

Marking Bits: (CMBitMap*) 0x000002112443cfc0
 Bits: [0x000002113c380000, 0x000002113e270000)

Polling page: 0x0000021122360000

Metaspace:

Usage:
  Non-class:      6.72 MB used.
      Class:    911.58 KB used.
       Both:      7.61 MB used.

Virtual space:
  Non-class space:       64.00 MB reserved,       6.88 MB ( 11%) committed,  1 nodes.
      Class space:        1.00 GB reserved,       1.00 MB ( <1%) committed,  1 nodes.
             Both:        1.06 GB reserved,       7.88 MB ( <1%) committed. 

Chunk freelists:
   Non-Class:  8.51 MB
       Class:  14.88 MB
        Both:  23.39 MB

MaxMetaspaceSize: unlimited
CompressedClassSpaceSize: 1.00 GB
Initial GC threshold: 21.00 MB
Current GC threshold: 21.00 MB
CDS: on
 - commit_granule_bytes: 65536.
 - commit_granule_words: 8192.
 - virtual_space_node_default_size: 8388608.
 - enlarge_chunks_in_place: 1.
 - use_allocation_guard: 0.


Internal statistics:

num_allocs_failed_limit: 0.
num_arena_births: 214.
num_arena_deaths: 0.
num_vsnodes_births: 2.
num_vsnodes_deaths: 0.
num_space_committed: 126.
num_space_uncommitted: 0.
num_chunks_returned_to_freelist: 0.
num_chunks_taken_from_freelist: 470.
num_chunk_merges: 0.
num_chunk_splits: 273.
num_chunks_enlarged: 145.
num_inconsistent_stats: 0.

CodeHeap 'non-profiled nmethods': size=120000Kb used=555Kb max_used=555Kb free=119444Kb
 bounds [0x0000021134350000, 0x00000211345c0000, 0x000002113b880000]
CodeHeap 'profiled nmethods': size=120000Kb used=2649Kb max_used=2649Kb free=117350Kb
 bounds [0x000002112c880000, 0x000002112cb20000, 0x0000021133db0000]
CodeHeap 'non-nmethods': size=5760Kb used=1380Kb max_used=1391Kb free=4380Kb
 bounds [0x0000021133db0000, 0x0000021134020000, 0x0000021134350000]
 total_blobs=1969 nmethods=1489 adapters=385
 compilation: enabled
              stopped_count=0, restarted_count=0
 full_count=0

Compilation events (20 events):
Event: 2.705 Thread 0x0000021140cfcd00 nmethod 1417 0x000002112caf4210 code [0x000002112caf43c0, 0x000002112caf4560]
Event: 2.707 Thread 0x0000021140cfcd00 1418       3       java.lang.invoke.TypeConvertingMethodAdapter::convertType (299 bytes)
Event: 2.709 Thread 0x0000021140cca890 1421       4       jdk.internal.org.objectweb.asm.ByteVector::putByte (39 bytes)
Event: 2.709 Thread 0x0000021140cfcd00 nmethod 1418 0x000002112caf4690 code [0x000002112caf4d40, 0x000002112caf87f0]
Event: 2.710 Thread 0x0000021140cfcd00 1419       3       java.util.stream.Sink$ChainedReference::cancellationRequested (10 bytes)
Event: 2.710 Thread 0x0000021140cfcd00 nmethod 1419 0x000002112caf9b90 code [0x000002112caf9d40, 0x000002112caf9f18]
Event: 2.710 Thread 0x0000021140cca890 nmethod 1421 0x00000211343d8d10 code [0x00000211343d8ea0, 0x00000211343d9008]
Event: 2.710 Thread 0x0000021140cfcd00 1425       3       java.util.Collections::singletonIterator (9 bytes)
Event: 2.711 Thread 0x0000021140cfcd00 nmethod 1425 0x000002112cafa010 code [0x000002112cafa1c0, 0x000002112cafa428]
Event: 2.711 Thread 0x0000021140cfcd00 1426       3       java.util.Collections$1::<init> (15 bytes)
Event: 2.711 Thread 0x0000021140cfcd00 nmethod 1426 0x000002112cafa510 code [0x000002112cafa6c0, 0x000002112cafa888]
Event: 2.711 Thread 0x0000021140cfcd00 1427       3       java.util.Collections$1::next (25 bytes)
Event: 2.711 Thread 0x0000021140cfcd00 nmethod 1427 0x000002112cafa990 code [0x000002112cafab40, 0x000002112cafad68]
Event: 2.711 Thread 0x0000021140cfcd00 1429       3       org.springframework.boot.context.properties.source.ConfigurationPropertyName$Elements::get (49 bytes)
Event: 2.711 Thread 0x0000021140cfcd00 nmethod 1429 0x000002112cafae90 code [0x000002112cafb060, 0x000002112cafb360]
Event: 2.711 Thread 0x0000021140cfcd00 1428       3       org.springframework.boot.context.properties.source.ConfigurationPropertyName::getElement (161 bytes)
Event: 2.711 Thread 0x0000021140cca890 1431       4       jdk.internal.loader.URLClassPath::getResource (74 bytes)
Event: 2.712 Thread 0x0000021140cfcd00 nmethod 1428 0x000002112cafb510 code [0x000002112cafb840, 0x000002112cafc9a0]
Event: 2.712 Thread 0x0000021140cfcd00 1430       3       jdk.internal.org.objectweb.asm.MethodWriter::visitCode (1 bytes)
Event: 2.712 Thread 0x0000021140cfcd00 nmethod 1430 0x000002112cafcf90 code [0x000002112cafd120, 0x000002112cafd228]

GC Heap History (2 events):
Event: 2.342 GC heap before
{Heap before GC invocations=0 (full 0):
 garbage-first heap   total 126976K, used 23552K [0x0000000084400000, 0x0000000100000000)
  region size 1024K, 23 young (23552K), 0 survivors (0K)
 Metaspace       used 5100K, committed 5376K, reserved 1114112K
  class space    used 556K, committed 704K, reserved 1048576K
}
Event: 2.349 GC heap after
{Heap after GC invocations=1 (full 0):
 garbage-first heap   total 126976K, used 7812K [0x0000000084400000, 0x0000000100000000)
  region size 1024K, 3 young (3072K), 3 survivors (3072K)
 Metaspace       used 5100K, committed 5376K, reserved 1114112K
  class space    used 556K, committed 704K, reserved 1048576K
}

Dll operation events (12 events):
Event: 0.043 Loaded shared library C:\Program Files\Java\jdk-21\bin\java.dll
Event: 0.092 Loaded shared library C:\Program Files\Java\jdk-21\bin\jsvml.dll
Event: 0.234 Loaded shared library C:\Program Files\Java\jdk-21\bin\zip.dll
Event: 0.240 Loaded shared library C:\Program Files\Java\jdk-21\bin\instrument.dll
Event: 0.246 Loaded shared library C:\Program Files\Java\jdk-21\bin\net.dll
Event: 0.248 Loaded shared library C:\Program Files\Java\jdk-21\bin\nio.dll
Event: 0.253 Loaded shared library C:\Program Files\Java\jdk-21\bin\zip.dll
Event: 1.039 Loaded shared library C:\Program Files\Java\jdk-21\bin\extnet.dll
Event: 1.540 Loaded shared library C:\Program Files\Java\jdk-21\bin\verify.dll
Event: 1.555 Loaded shared library C:\Program Files\Java\jdk-21\bin\jimage.dll
Event: 2.274 Loaded shared library C:\Program Files\Java\jdk-21\bin\management.dll
Event: 2.276 Loaded shared library C:\Program Files\Java\jdk-21\bin\management_ext.dll

Deoptimization events (20 events):
Event: 2.465 Thread 0x0000021186ecb760 DEOPT PACKING pc=0x000002112c92ff83 sp=0x000000818d6fdc40
Event: 2.465 Thread 0x0000021186ecb760 DEOPT UNPACKING pc=0x0000021133e04e42 sp=0x000000818d6fd148 mode 0
Event: 2.484 Thread 0x0000021186ecb760 Uncommon trap: trap_request=0xffffffde fr.pc=0x00000211343c954c relative=0x000000000000012c
Event: 2.484 Thread 0x0000021186ecb760 Uncommon trap: reason=class_check action=maybe_recompile pc=0x00000211343c954c method=jdk.internal.misc.Unsafe.allocateUninitializedArray(Ljava/lang/Class;I)Ljava/lang/Object; @ 51 c2
Event: 2.484 Thread 0x0000021186ecb760 DEOPT PACKING pc=0x00000211343c954c sp=0x000000818d6fc590
Event: 2.484 Thread 0x0000021186ecb760 DEOPT UNPACKING pc=0x0000021133e046a2 sp=0x000000818d6fc508 mode 2
Event: 2.484 Thread 0x0000021186ecb760 Uncommon trap: trap_request=0xffffffde fr.pc=0x00000211343c954c relative=0x000000000000012c
Event: 2.484 Thread 0x0000021186ecb760 Uncommon trap: reason=class_check action=maybe_recompile pc=0x00000211343c954c method=jdk.internal.misc.Unsafe.allocateUninitializedArray(Ljava/lang/Class;I)Ljava/lang/Object; @ 51 c2
Event: 2.484 Thread 0x0000021186ecb760 DEOPT PACKING pc=0x00000211343c954c sp=0x000000818d6fc630
Event: 2.484 Thread 0x0000021186ecb760 DEOPT UNPACKING pc=0x0000021133e046a2 sp=0x000000818d6fc5a8 mode 2
Event: 2.484 Thread 0x0000021186ecb760 Uncommon trap: trap_request=0xffffffde fr.pc=0x00000211343c954c relative=0x000000000000012c
Event: 2.484 Thread 0x0000021186ecb760 Uncommon trap: reason=class_check action=maybe_recompile pc=0x00000211343c954c method=jdk.internal.misc.Unsafe.allocateUninitializedArray(Ljava/lang/Class;I)Ljava/lang/Object; @ 51 c2
Event: 2.484 Thread 0x0000021186ecb760 DEOPT PACKING pc=0x00000211343c954c sp=0x000000818d6fbfa0
Event: 2.484 Thread 0x0000021186ecb760 DEOPT UNPACKING pc=0x0000021133e046a2 sp=0x000000818d6fbf18 mode 2
Event: 2.484 Thread 0x0000021186ecb760 Uncommon trap: trap_request=0xffffffde fr.pc=0x00000211343c954c relative=0x000000000000012c
Event: 2.484 Thread 0x0000021186ecb760 Uncommon trap: reason=class_check action=maybe_recompile pc=0x00000211343c954c method=jdk.internal.misc.Unsafe.allocateUninitializedArray(Ljava/lang/Class;I)Ljava/lang/Object; @ 51 c2
Event: 2.484 Thread 0x0000021186ecb760 DEOPT PACKING pc=0x00000211343c954c sp=0x000000818d6fc450
Event: 2.484 Thread 0x0000021186ecb760 DEOPT UNPACKING pc=0x0000021133e046a2 sp=0x000000818d6fc3c8 mode 2
Event: 2.711 Thread 0x0000021186ecb760 DEOPT PACKING pc=0x000002112c9a1688 sp=0x000000818d6fcc70
Event: 2.711 Thread 0x0000021186ecb760 DEOPT UNPACKING pc=0x0000021133e04e42 sp=0x000000818d6fc0f8 mode 0

Classes loaded (20 events):
Event: 2.653 Loading class java/util/stream/MatchOps$BooleanTerminalSink
Event: 2.653 Loading class java/util/stream/MatchOps$BooleanTerminalSink done
Event: 2.654 Loading class java/util/stream/MatchOps$2MatchSink
Event: 2.654 Loading class java/util/stream/MatchOps$2MatchSink done
Event: 2.673 Loading class java/beans/PropertyEditorSupport
Event: 2.673 Loading class java/beans/PropertyEditor
Event: 2.673 Loading class java/beans/PropertyEditor done
Event: 2.673 Loading class java/beans/PropertyEditorSupport done
Event: 2.703 Loading class java/util/regex/Pattern$Neg
Event: 2.703 Loading class java/util/regex/Pattern$Neg done
Event: 2.705 Loading class java/lang/invoke/MethodHandle$1
Event: 2.705 Loading class java/lang/invoke/MethodHandle$1 done
Event: 2.707 Loading class java/util/stream/StreamSpliterators$WrappingSpliterator
Event: 2.708 Loading class java/util/stream/StreamSpliterators$AbstractWrappingSpliterator
Event: 2.708 Loading class java/util/stream/StreamSpliterators$AbstractWrappingSpliterator done
Event: 2.708 Loading class java/util/stream/StreamSpliterators$WrappingSpliterator done
Event: 2.708 Loading class java/util/stream/StreamSpliterators
Event: 2.708 Loading class java/util/stream/StreamSpliterators done
Event: 2.708 Loading class java/util/function/BooleanSupplier
Event: 2.708 Loading class java/util/function/BooleanSupplier done

Classes unloaded (0 events):
No events

Classes redefined (0 events):
No events

Internal exceptions (20 events):
Event: 1.952 Thread 0x0000021122143d40 Exception <a 'java/lang/NoSuchMethodError'{0x000000008b11bec0}: 'void java.lang.invoke.DirectMethodHandle$Holder.invokeStatic(java.lang.Object, java.lang.Object, java.lang.Object, java.lang.Object)'> (0x000000008b11bec0) 
thrown [s\open\src\hotspot\share\interpreter\linkResolver.cpp, line 773]
Event: 2.107 Thread 0x0000021122143d40 Exception <a 'java/lang/NoSuchMethodError'{0x000000008b034970}: 'int java.lang.invoke.DirectMethodHandle$Holder.invokeStaticInit(java.lang.Object, java.lang.Object)'> (0x000000008b034970) 
thrown [s\open\src\hotspot\share\interpreter\linkResolver.cpp, line 773]
Event: 2.135 Thread 0x0000021122143d40 Exception <a 'java/lang/NoSuchMethodError'{0x000000008b087170}: 'void java.lang.invoke.DirectMethodHandle$Holder.invokeInterface(java.lang.Object, java.lang.Object, java.lang.Object, java.lang.Object)'> (0x000000008b087170) 
thrown [s\open\src\hotspot\share\interpreter\linkResolver.cpp, line 773]
Event: 2.221 Thread 0x0000021122143d40 Exception <a 'java/lang/NoSuchMethodError'{0x000000008ae99d70}: 'java.lang.Object java.lang.invoke.DirectMethodHandle$Holder.invokeInterface(java.lang.Object, java.lang.Object)'> (0x000000008ae99d70) 
thrown [s\open\src\hotspot\share\interpreter\linkResolver.cpp, line 773]
Event: 2.233 Thread 0x0000021122143d40 Exception <a 'java/lang/NoSuchMethodError'{0x000000008aee92c8}: 'java.lang.Object java.lang.invoke.DirectMethodHandle$Holder.invokeSpecialIFC(java.lang.Object, java.lang.Object, java.lang.Object, java.lang.Object)'> (0x000000008aee92c8) 
thrown [s\open\src\hotspot\share\interpreter\linkResolver.cpp, line 773]
Event: 2.239 Thread 0x0000021122143d40 Exception <a 'java/lang/NoSuchMethodError'{0x000000008ad0d3b0}: 'java.lang.Object java.lang.invoke.DirectMethodHandle$Holder.invokeInterface(java.lang.Object, java.lang.Object, java.lang.Object)'> (0x000000008ad0d3b0) 
thrown [s\open\src\hotspot\share\interpreter\linkResolver.cpp, line 773]
Event: 2.280 Thread 0x0000021122143d40 Exception <a 'java/lang/NoSuchMethodError'{0x000000008ac37ea8}: 'int java.lang.invoke.DirectMethodHandle$Holder.invokeSpecial(java.lang.Object, java.lang.Object, java.lang.Object)'> (0x000000008ac37ea8) 
thrown [s\open\src\hotspot\share\interpreter\linkResolver.cpp, line 773]
Event: 2.355 Thread 0x0000021186ecb760 Exception <a 'java/lang/NoSuchMethodError'{0x000000008bfacc78}: 'void java.lang.invoke.DirectMethodHandle$Holder.invokeSpecial(java.lang.Object, java.lang.Object, java.lang.Object)'> (0x000000008bfacc78) 
thrown [s\open\src\hotspot\share\interpreter\linkResolver.cpp, line 773]
Event: 2.383 Thread 0x0000021186ecb760 Exception <a 'java/lang/NoSuchMethodError'{0x000000008bea1200}: 'int java.lang.invoke.DirectMethodHandle$Holder.invokeStaticInit(java.lang.Object, java.lang.Object, java.lang.Object)'> (0x000000008bea1200) 
thrown [s\open\src\hotspot\share\interpreter\linkResolver.cpp, line 773]
Event: 2.395 Thread 0x0000021186ecb760 Exception <a 'java/lang/NoSuchMethodError'{0x000000008befa870}: 'java.lang.Object java.lang.invoke.DirectMethodHandle$Holder.newInvokeSpecial(java.lang.Object, java.lang.Object, java.lang.Object, java.lang.Object, java.lang.Object)'> (0x000000008befa870) 
thrown [s\open\src\hotspot\share\interpreter\linkResolver.cpp, line 773]
Event: 2.403 Thread 0x0000021186ecb760 Exception <a 'java/lang/NoSuchMethodError'{0x000000008bd43c40}: 'java.lang.Object java.lang.invoke.DirectMethodHandle$Holder.invokeStaticInit(java.lang.Object, java.lang.Object, java.lang.Object)'> (0x000000008bd43c40) 
thrown [s\open\src\hotspot\share\interpreter\linkResolver.cpp, line 773]
Event: 2.424 Thread 0x0000021186ecb760 Exception <a 'java/lang/IncompatibleClassChangeError'{0x000000008bdc7f40}: Found class java.lang.Object, but interface was expected> (0x000000008bdc7f40) 
thrown [s\open\src\hotspot\share\interpreter\linkResolver.cpp, line 840]
Event: 2.442 Thread 0x0000021186ecb760 Exception <a 'sun/nio/fs/WindowsException'{0x000000008bc39e20}> (0x000000008bc39e20) 
thrown [s\open\src\hotspot\share\prims\jni.cpp, line 520]
Event: 2.688 Thread 0x0000021186ecb760 Exception <a 'java/lang/NoSuchMethodError'{0x000000008b8f5b48}: 'java.lang.Object java.lang.invoke.DirectMethodHandle$Holder.newInvokeSpecial(java.lang.Object, java.lang.Object, java.lang.Object, java.lang.Object, java.lang.Object, java.lang.Object, java.lang.Object)'> (0x000000008b8f5b48) 
thrown [s\open\src\hotspot\share\interpreter\linkResolver.cpp, line 773]
Event: 2.691 Thread 0x0000021186ecb760 Exception <a 'java/lang/NoSuchMethodError'{0x000000008b70e6a8}: 'void java.lang.invoke.DirectMethodHandle$Holder.invokeStaticInit(java.lang.Object, java.lang.Object)'> (0x000000008b70e6a8) 
thrown [s\open\src\hotspot\share\interpreter\linkResolver.cpp, line 773]
Event: 2.699 Thread 0x0000021186ecb760 Exception <a 'java/lang/NoSuchMethodError'{0x000000008b756f78}: 'int java.lang.invoke.DirectMethodHandle$Holder.invokeStatic(java.lang.Object, java.lang.Object, java.lang.Object, java.lang.Object)'> (0x000000008b756f78) 
thrown [s\open\src\hotspot\share\interpreter\linkResolver.cpp, line 773]
Event: 2.700 Thread 0x0000021186ecb760 Exception <a 'java/lang/NoSuchMethodError'{0x000000008b75a608}: 'java.lang.Object java.lang.invoke.Invokers$Holder.invokeExact_MT(java.lang.Object, java.lang.Object, java.lang.Object, java.lang.Object, java.lang.Object, java.lang.Object)'> (0x000000008b75a608) 
thrown [s\open\src\hotspot\share\interpreter\linkResolver.cpp, line 773]
Event: 2.708 Thread 0x0000021186ecb760 Exception <a 'java/lang/NoSuchMethodError'{0x000000008b7c1360}: 'java.lang.Object java.lang.invoke.DirectMethodHandle$Holder.invokeSpecial(java.lang.Object, java.lang.Object, java.lang.Object, java.lang.Object, java.lang.Object, java.lang.Object, int)'> (0x000000008b7c1360) 
thrown [s\open\src\hotspot\share\interpreter\linkResolver.cpp, line 773]
Event: 2.709 Thread 0x0000021186ecb760 Exception <a 'java/lang/NoSuchMethodError'{0x000000008b7ca888}: 'java.lang.Object java.lang.invoke.DirectMethodHandle$Holder.newInvokeSpecial(java.lang.Object, java.lang.Object, java.lang.Object, java.lang.Object, java.lang.Object, java.lang.Object, int)'> (0x000000008b7ca888) 
thrown [s\open\src\hotspot\share\interpreter\linkResolver.cpp, line 773]
Event: 2.709 Thread 0x0000021186ecb760 Exception <a 'java/lang/NoSuchMethodError'{0x000000008b7cee08}: 'java.lang.Object java.lang.invoke.DirectMethodHandle$Holder.invokeSpecial(java.lang.Object, java.lang.Object, java.lang.Object, java.lang.Object, java.lang.Object, java.lang.Object, java.lang.Object, int)'> (0x000000008b7cee08) 
thrown [s\open\src\hotspot\share\interpreter\linkResolver.cpp, line 773]

ZGC Phase Switch (0 events):
No events

VM Operations (18 events):
Event: 1.088 Executing VM operation: Cleanup
Event: 1.119 Executing VM operation: Cleanup done
Event: 1.546 Executing VM operation: HandshakeAllThreads (Deoptimize)
Event: 1.546 Executing VM operation: HandshakeAllThreads (Deoptimize) done
Event: 1.565 Executing VM operation: HandshakeAllThreads (Deoptimize)
Event: 1.565 Executing VM operation: HandshakeAllThreads (Deoptimize) done
Event: 1.597 Executing VM operation: HandshakeAllThreads (Deoptimize)
Event: 1.597 Executing VM operation: HandshakeAllThreads (Deoptimize) done
Event: 2.217 Executing VM operation: HandshakeAllThreads (Deoptimize)
Event: 2.217 Executing VM operation: HandshakeAllThreads (Deoptimize) done
Event: 2.217 Executing VM operation: Cleanup
Event: 2.217 Executing VM operation: Cleanup done
Event: 2.342 Executing VM operation: G1CollectForAllocation (G1 Evacuation Pause)
Event: 2.349 Executing VM operation: G1CollectForAllocation (G1 Evacuation Pause) done
Event: 2.444 Executing VM operation: HandshakeAllThreads (Deoptimize)
Event: 2.444 Executing VM operation: HandshakeAllThreads (Deoptimize) done
Event: 3.458 Executing VM operation: Cleanup
Event: 3.458 Executing VM operation: Cleanup done

Events (18 events):
Event: 0.068 Thread 0x0000021122143d40 Thread added: 0x0000021122143d40
Event: 0.090 Thread 0x0000021140cb4dc0 Thread added: 0x0000021140cb4dc0
Event: 0.090 Thread 0x0000021140cb9840 Thread added: 0x0000021140cb9840
Event: 0.090 Thread 0x0000021140cbbb80 Thread added: 0x0000021140cbbb80
Event: 0.090 Thread 0x0000021140cbc5e0 Thread added: 0x0000021140cbc5e0
Event: 0.090 Thread 0x0000021140cbd7e0 Thread added: 0x0000021140cbd7e0
Event: 0.090 Thread 0x0000021140cc3720 Thread added: 0x0000021140cc3720
Event: 0.091 Thread 0x0000021140cca890 Thread added: 0x0000021140cca890
Event: 0.091 Thread 0x0000021140cfcd00 Thread added: 0x0000021140cfcd00
Event: 0.243 Thread 0x00000211862bcd60 Thread added: 0x00000211862bcd60
Event: 0.279 Thread 0x000002118638cc20 Thread added: 0x000002118638cc20
Event: 0.650 Thread 0x000002118638cc20 Thread exited: 0x000002118638cc20
Event: 0.727 Thread 0x0000021186569ab0 Thread added: 0x0000021186569ab0
Event: 0.727 Thread 0x000002118656a120 Thread added: 0x000002118656a120
Event: 1.651 Thread 0x000002118687f7f0 Thread added: 0x000002118687f7f0
Event: 1.942 Thread 0x000002118687f7f0 Thread exited: 0x000002118687f7f0
Event: 2.342 Thread 0x0000021186ebf470 Thread added: 0x0000021186ebf470
Event: 2.353 Thread 0x0000021186ecb760 Thread added: 0x0000021186ecb760


Dynamic libraries:
0x00007ff6f9790000 - 0x00007ff6f97a0000 	C:\Program Files\Java\jdk-21\bin\java.exe
0x00007ff983ac0000 - 0x00007ff983d27000 	C:\WINDOWS\SYSTEM32\ntdll.dll
0x00007ff983140000 - 0x00007ff983209000 	C:\WINDOWS\System32\KERNEL32.DLL
0x00007ff980b30000 - 0x00007ff980f24000 	C:\WINDOWS\System32\KERNELBASE.dll
0x00007ff980390000 - 0x00007ff9804db000 	C:\WINDOWS\System32\ucrtbase.dll
0x00007ff977ca0000 - 0x00007ff977cbb000 	C:\Program Files\Java\jdk-21\bin\VCRUNTIME140.dll
0x00007ff976f20000 - 0x00007ff976f39000 	C:\Program Files\Java\jdk-21\bin\jli.dll
0x00007ff981b80000 - 0x00007ff981c36000 	C:\WINDOWS\System32\ADVAPI32.dll
0x00007ff9833f0000 - 0x00007ff983499000 	C:\WINDOWS\System32\msvcrt.dll
0x00007ff9834a0000 - 0x00007ff983547000 	C:\WINDOWS\System32\sechost.dll
0x00007ff981850000 - 0x00007ff981968000 	C:\WINDOWS\System32\RPCRT4.dll
0x00007ff982510000 - 0x00007ff9826d5000 	C:\WINDOWS\System32\USER32.dll
0x00007ff980810000 - 0x00007ff980837000 	C:\WINDOWS\System32\win32u.dll
0x00007ff964ee0000 - 0x00007ff965173000 	C:\WINDOWS\WinSxS\amd64_microsoft.windows.common-controls_6595b64144ccf1df_6.0.26100.8115_none_3e075c82e3354f9c\COMCTL32.dll
0x00007ff9827c0000 - 0x00007ff9827eb000 	C:\WINDOWS\System32\GDI32.dll
0x00007ff980590000 - 0x00007ff9806bb000 	C:\WINDOWS\System32\gdi32full.dll
0x00007ff980f30000 - 0x00007ff980fd3000 	C:\WINDOWS\System32\msvcp_win.dll
0x00007ff9627b0000 - 0x00007ff9627bb000 	C:\WINDOWS\SYSTEM32\VERSION.dll
0x00007ff981c40000 - 0x00007ff981c72000 	C:\WINDOWS\System32\IMM32.DLL
0x00007ff97b630000 - 0x00007ff97b63c000 	C:\Program Files\Java\jdk-21\bin\vcruntime140_1.dll
0x00007ff9653e0000 - 0x00007ff96546e000 	C:\Program Files\Java\jdk-21\bin\msvcp140.dll
0x00007ff907240000 - 0x00007ff907f5d000 	C:\Program Files\Java\jdk-21\bin\server\jvm.dll
0x00007ff981a70000 - 0x00007ff981af0000 	C:\WINDOWS\System32\WS2_32.dll
0x00007ff980210000 - 0x00007ff98026e000 	C:\WINDOWS\SYSTEM32\POWRPROF.dll
0x00007ff977c60000 - 0x00007ff977c96000 	C:\WINDOWS\SYSTEM32\WINMM.dll
0x00007ff9801f0000 - 0x00007ff980204000 	C:\WINDOWS\SYSTEM32\UMPDC.dll
0x00007ff97f0e0000 - 0x00007ff97f0fb000 	C:\WINDOWS\SYSTEM32\kernel.appcore.dll
0x00007ff967050000 - 0x00007ff96705a000 	C:\Program Files\Java\jdk-21\bin\jimage.dll
0x00007ff97d7c0000 - 0x00007ff97da02000 	C:\WINDOWS\SYSTEM32\DBGHELP.DLL
0x00007ff9836e0000 - 0x00007ff983a62000 	C:\WINDOWS\System32\combase.dll
0x00007ff9826e0000 - 0x00007ff9827b8000 	C:\WINDOWS\System32\OLEAUT32.dll
0x00007ff95fb80000 - 0x00007ff95fbbb000 	C:\WINDOWS\SYSTEM32\dbgcore.DLL
0x00007ff9804e0000 - 0x00007ff980585000 	C:\WINDOWS\System32\bcryptPrimitives.dll
0x00007ff966d10000 - 0x00007ff966d1f000 	C:\Program Files\Java\jdk-21\bin\instrument.dll
0x00007ff966f20000 - 0x00007ff966f3f000 	C:\Program Files\Java\jdk-21\bin\java.dll
0x00007ff982820000 - 0x00007ff982f87000 	C:\WINDOWS\System32\SHELL32.dll
0x00007ff980840000 - 0x00007ff9809aa000 	C:\WINDOWS\System32\wintypes.dll
0x00007ff980fe0000 - 0x00007ff981848000 	C:\WINDOWS\System32\windows.storage.dll
0x00007ff981970000 - 0x00007ff981a68000 	C:\WINDOWS\System32\SHCORE.dll
0x00007ff983670000 - 0x00007ff9836d6000 	C:\WINDOWS\System32\shlwapi.dll
0x00007ff9802b0000 - 0x00007ff9802d9000 	C:\WINDOWS\SYSTEM32\profapi.dll
0x00007ff954f20000 - 0x00007ff954ff7000 	C:\Program Files\Java\jdk-21\bin\jsvml.dll
0x00007ff966eb0000 - 0x00007ff966ec8000 	C:\Program Files\Java\jdk-21\bin\zip.dll
0x00007ff967040000 - 0x00007ff967050000 	C:\Program Files\Java\jdk-21\bin\net.dll
0x00007ff977a40000 - 0x00007ff977b6d000 	C:\WINDOWS\SYSTEM32\WINHTTP.dll
0x00007ff97f630000 - 0x00007ff97f69c000 	C:\WINDOWS\system32\mswsock.dll
0x00007ff966f00000 - 0x00007ff966f16000 	C:\Program Files\Java\jdk-21\bin\nio.dll
0x00007ff966d20000 - 0x00007ff966d29000 	C:\Program Files\Java\jdk-21\bin\extnet.dll
0x00007ff966f70000 - 0x00007ff966f80000 	C:\Program Files\Java\jdk-21\bin\verify.dll
0x00007ff967060000 - 0x00007ff96706a000 	C:\Program Files\Java\jdk-21\bin\management.dll
0x00007ff966d90000 - 0x00007ff966d9b000 	C:\Program Files\Java\jdk-21\bin\management_ext.dll
0x00007ff9832d0000 - 0x00007ff9832d8000 	C:\WINDOWS\System32\PSAPI.DLL

dbghelp: loaded successfully - version: 4.0.5 - missing functions: none
symbol engine: initialized successfully - sym options: 0x614 - pdb path: .;C:\Program Files\Java\jdk-21\bin;C:\WINDOWS\SYSTEM32;C:\WINDOWS\WinSxS\amd64_microsoft.windows.common-controls_6595b64144ccf1df_6.0.26100.8115_none_3e075c82e3354f9c;C:\Program Files\Java\jdk-21\bin\server

VM Arguments:
jvm_args: -javaagent:C:\Program Files\JetBrains\IntelliJ IDEA 2025.2.4\lib\idea_rt.jar=60534 -Dfile.encoding=UTF-8 -Dsun.stdout.encoding=UTF-8 -Dsun.stderr.encoding=UTF-8 
java_command: com.example.projeto_turismo.ProjetoTurismoApplication
java_class_path (initial): C:\Users\maxsu\Downloads\projeto_turismo\target\classes;C:\Users\maxsu\.m2\repository\org\springframework\boot\spring-boot-starter-web\3.3.5\spring-boot-starter-web-3.3.5.jar;C:\Users\maxsu\.m2\repository\org\springframework\boot\spring-boot-starter\3.3.5\spring-boot-starter-3.3.5.jar;C:\Users\maxsu\.m2\repository\org\springframework\boot\spring-boot-starter-logging\3.3.5\spring-boot-starter-logging-3.3.5.jar;C:\Users\maxsu\.m2\repository\ch\qos\logback\logback-classic\1.5.11\logback-classic-1.5.11.jar;C:\Users\maxsu\.m2\repository\ch\qos\logback\logback-core\1.5.11\logback-core-1.5.11.jar;C:\Users\maxsu\.m2\repository\org\apache\logging\log4j\log4j-to-slf4j\2.23.1\log4j-to-slf4j-2.23.1.jar;C:\Users\maxsu\.m2\repository\org\apache\logging\log4j\log4j-api\2.23.1\log4j-api-2.23.1.jar;C:\Users\maxsu\.m2\repository\org\slf4j\jul-to-slf4j\2.0.16\jul-to-slf4j-2.0.16.jar;C:\Users\maxsu\.m2\repository\jakarta\annotation\jakarta.annotation-api\2.1.1\jakarta.annotation-api-2.1.1.jar;C:\Users\maxsu\.m2\repository\org\yaml\snakeyaml\2.2\snakeyaml-2.2.jar;C:\Users\maxsu\.m2\repository\org\springframework\boot\spring-boot-starter-json\3.3.5\spring-boot-starter-json-3.3.5.jar;C:\Users\maxsu\.m2\repository\com\fasterxml\jackson\datatype\jackson-datatype-jdk8\2.17.2\jackson-datatype-jdk8-2.17.2.jar;C:\Users\maxsu\.m2\repository\com\fasterxml\jackson\datatype\jackson-datatype-jsr310\2.17.2\jackson-datatype-jsr310-2.17.2.jar;C:\Users\maxsu\.m2\repository\com\fasterxml\jackson\module\jackson-module-parameter-names\2.17.2\jackson-module-parameter-names-2.17.2.jar;C:\Users\maxsu\.m2\repository\org\springframework\boot\spring-boot-starter-tomcat\3.3.5\spring-boot-starter-tomcat-3.3.5.jar;C:\Users\maxsu\.m2\repository\org\apache\tomcat\embed\tomcat-embed-core\10.1.31\tomcat-embed-core-10.1.31.jar;C:\Users\maxsu\.m2\repository\org\apache\tomcat\embed\tomcat-embed-websocket\10.1.31\tomcat-embed-websocket-10.1.31.jar;C:\Users\maxsu\.m2\repository\org\springframework\spring-web\6.1.14\spring-web-6.1.14.jar;C:\Users\maxsu\.m2\repository\org\springframework\spring-beans\6.1.14\spring-beans-6.1.14.jar;C:\Users\maxsu\.m2\repository\io\micrometer\micrometer-observation\1.13.6\micrometer-observation-1.13.6.jar;C:\Users\maxsu\.m2\repository\io\micrometer\micrometer-commons\1.13.6\micrometer-commons-1.13.6.jar;C:\Users\maxsu\.m2\repository\org\springframework\spring-webmvc\6.1.14\spring-webmvc-6.1.14.jar;C:\Users\maxsu\.m2\repository\org\springframework\spring-context\6.1.14\spring-context-6.1.14.jar;C:\Users\maxsu\.m2\repository\org\springframework\spring-expression\6.1.14\spring-expression-6.1.14.jar;C:\Users\maxsu\.m2\repository\org\springframework\boot\spring-boot-starter-data-jpa\3.3.5\spring-boot-starter-data-jpa-3.3.5.jar;C:\Users\maxsu\.m2\repository\org\springframework\boot\spring-boot-starter-aop\3.3.5\spring-boot-starter-aop-3.3.5.jar;C:\Users\maxsu\.m2\repository\org\aspectj\aspectjweaver\1.9.22.1\aspectjweaver-1.9.22.1.jar;C:\Users\maxsu\.m2\repository\org\springframework\boot\spring-boot-starter-jdbc\3.3.5\spring-boot-starter-jdbc-3.3.5.jar;C:\Users\maxsu\.m2\repository\com\zaxxer\HikariCP\5.1.0\HikariCP-5.1.0.jar;C:\Users\maxsu\.m2\repository\org\springframework\spring-jdbc\6.1.14\spring-jdbc-6.1.14.jar;C:\Users\maxsu\.m2\repository\org\hibernate\orm\hibernate-core\6.5.3.Final\hibernate-core-6.5.3.Final.jar;C:\Users\maxsu\.m2\repository\jakarta\persistence\jakarta.persistence-api\3.1.0\jakarta.persistence-api-3.1.0.jar;C:\Users\maxsu\.m2\repository\jakarta\transaction\jakarta.transaction-api\2.0.1\jakarta.transaction-api-2.0.1.jar;C:\Users\maxsu\.m2\repository\org\jboss\logging\jboss-logging\3.5.3.Final\jboss-logging-3.5.3.Final.jar;C:\Users\maxsu\.m2\repository\org\hibernate\common\hibernate-commons-annotations\6.0.6.Final\hibernate-commons-annotations-6.0.6.Final.jar;C:\Users\maxsu\.m2\repository\io\smallrye\jandex\3.1.2\jandex-3.1.2.jar;C:\Users\maxsu\.m2\repository\com\fasterxml\classmate\1.7.0\classmate-1.7.0.jar;C:\Users\maxsu\.m2\repository\net\bytebuddy\byte-buddy\1.14.19\byte-buddy-1.14.19.jar;C:\Users\maxsu\.m2\repository\org\glassfish\jaxb\jaxb-runtime\4.0.5\jaxb-runtime-4.0.5.jar;C:\Users\maxsu\.m2\repository\org\glassfish\jaxb\jaxb-core\4.0.5\jaxb-core-4.0.5.jar;C:\Users\maxsu\.m2\repository\org\eclipse\angus\angus-activation\2.0.2\angus-activation-2.0.2.jar;C:\Users\maxsu\.m2\repository\org\glassfish\jaxb\txw2\4.0.5\txw2-4.0.5.jar;C:\Users\maxsu\.m2\repository\com\sun\istack\istack-commons-runtime\4.1.2\istack-commons-runtime-4.1.2.jar;C:\Users\maxsu\.m2\repository\jakarta\inject\jakarta.inject-api\2.0.1\jakarta.inject-api-2.0.1.jar;C:\Users\maxsu\.m2\repository\org\antlr\antlr4-runtime\4.13.0\antlr4-runtime-4.13.0.jar;C:\Users\maxsu\.m2\repository\org\springframework\data\spring-data-jpa\3.3.5\spring-data-jpa-3.3.5.jar;C:\Users\maxsu\.m2\repository\org\springframework\data\spring-data-commons\3.3.5\spring-data-commons-3.3.5.jar;C:\Users\maxsu\.m2\repository\org\springframework\spring-orm\6.1.14\spring-orm-6.1.14.jar;C:\Users\maxsu\.m2\repository\org\springframework\spring-tx\6.1.14\spring-tx-6.1.14.jar;C:\Users\maxsu\.m2\repository\org\slf4j\slf4j-api\2.0.16\slf4j-api-2.0.16.jar;C:\Users\maxsu\.m2\repository\org\springframework\spring-aspects\6.1.14\spring-aspects-6.1.14.jar;C:\Users\maxsu\.m2\repository\com\mysql\mysql-connector-j\8.3.0\mysql-connector-j-8.3.0.jar;C:\Users\maxsu\.m2\repository\org\flywaydb\flyway-core\10.10.0\flyway-core-10.10.0.jar;C:\Users\maxsu\.m2\repository\com\fasterxml\jackson\dataformat\jackson-dataformat-toml\2.17.2\jackson-dataformat-toml-2.17.2.jar;C:\Users\maxsu\.m2\repository\com\google\code\gson\gson\2.10.1\gson-2.10.1.jar;C:\Users\maxsu\.m2\repository\com\google\api-client\google-api-client\2.7.0\google-api-client-2.7.0.jar;C:\Users\maxsu\.m2\repository\commons-codec\commons-codec\1.16.1\commons-codec-1.16.1.jar;C:\Users\maxsu\.m2\repository\com\google\oauth-client\google-oauth-client\1.36.0\google-oauth-client-1.36.0.jar;C:\Users\maxsu\.m2\repository\com\google\auth\google-auth-library-credentials\1.23.0\google-auth-library-credentials-1.23.0.jar;C:\Users\maxsu\.m2\repository\com\google\auth\google-auth-library-oauth2-http\1.23.0\google-auth-library-oauth2-http-1.23.0.jar;C:\Users\maxsu\.m2\repository\com\google\auto\value\auto-value-annotations\1.10.4\auto-value-annotations-1.10.4.jar;C:\Users\maxsu\.m2\repository\com\google\code\findbugs\jsr305\3.0.2\jsr305-3.0.2.jar;C:\Users\maxsu\.m2\repository\com\google\errorprone\error_prone_annotations\2.18.0\error_prone_annotations-2.18.0.jar;C:\Users\maxsu\.m2\repository\com\google\http-client\google-http-client-gson\1.45.0\google-http-client-gson-1.45.0.jar;C:\Users\maxsu\.m2\repository\com\google\guava\guava\33.1.0-jre\guava-33.1.0-jre.jar;C:\Users\maxsu\.m2\repository\com\google\guava\failureaccess\1.0.2\failureaccess-1.0.2.jar;C:\Users\maxsu\.m2\repository\com\google\guava\listenablefuture\9999.0-empty-to-avoid-conflict-with-guava\listenablefuture-9999.0-empty-to-avoid-conflict-with-guava.jar;C:\Users\maxsu\.m2\repository\org\checkerframework\checker-qual\3.42.0\checker-qual-3.42.0.jar;C:\Users\maxsu\.m2\repository\com\google\j2objc\j2objc-annotations\3.0.0\j2objc-annotations-3.0.0.jar;C:\Users\maxsu\.m2\repository\com\google\http-client\google-http-client-apache-v2\1.45.0\google-http-client-apache-v2-1.45.0.jar;C:\Users\maxsu\.m2\repository\org\apache\httpcomponents\httpcore\4.4.16\httpcore-4.4.16.jar;C:\Users\maxsu\.m2\repository\org\apache\httpcomponents\httpclient\4.5.14\httpclient-4.5.14.jar;C:\Users\maxsu\.m2\repository\commons-logging\commons-logging\1.2\commons-logging-1.2.jar;C:\Users\maxsu\.m2\repository\com\google\http-client\google-http-client\1.45.0\google-http-client-1.45.0.jar;C:\Users\maxsu\.m2\repository\io\grpc\grpc-context\1.66.0\grpc-context-1.66.0.jar;C:\Users\maxsu\.m2\repository\io\grpc\grpc-api\1.66.0\grpc-api-1.66.0.jar;C:\Users\maxsu\.m2\repository\io\opencensus\opencensus-api\0.31.1\opencensus-api-0.31.1.jar;C:\Users\maxsu\.m2\repository\io\opencensus\opencensus-contrib-http-util\0.31.1\opencensus-contrib-http-util-0.31.1.jar;C:\Users\maxsu\.m2\repository\org\springframework\boot\spring-boot-starter-security\3.3.5\spring-boot-starter-security-3.3.5.jar;C:\Users\maxsu\.m2\repository\org\springframework\spring-aop\6.1.14\spring-aop-6.1.14.jar;C:\Users\maxsu\.m2\repository\org\springframework\security\spring-security-config\6.3.4\spring-security-config-6.3.4.jar;C:\Users\maxsu\.m2\repository\org\springframework\security\spring-security-web\6.3.4\spring-security-web-6.3.4.jar;C:\Users\maxsu\.m2\repository\org\springframework\security\spring-security-core\6.3.4\spring-security-core-6.3.4.jar;C:\Users\maxsu\.m2\repository\org\springframework\security\spring-security-crypto\6.3.4\spring-security-crypto-6.3.4.jar;C:\Users\maxsu\.m2\repository\org\springframework\spring-core\6.1.14\spring-core-6.1.14.jar;C:\Users\maxsu\.m2\repository\org\springframework\spring-jcl\6.1.14\spring-jcl-6.1.14.jar;C:\Users\maxsu\.m2\repository\org\springdoc\springdoc-openapi-starter-webmvc-ui\2.5.0\springdoc-openapi-starter-webmvc-ui-2.5.0.jar;C:\Users\maxsu\.m2\repository\org\springdoc\springdoc-openapi-starter-webmvc-api\2.5.0\springdoc-openapi-starter-webmvc-api-2.5.0.jar;C:\Users\maxsu\.m2\repository\org\springdoc\springdoc-openapi-starter-common\2.5.0\springdoc-openapi-starter-common-2.5.0.jar;C:\Users\maxsu\.m2\repository\io\swagger\core\v3\swagger-core-jakarta\2.2.21\swagger-core-jakarta-2.2.21.jar;C:\Users\maxsu\.m2\repository\io\swagger\core\v3\swagger-annotations-jakarta\2.2.21\swagger-annotations-jakarta-2.2.21.jar;C:\Users\maxsu\.m2\repository\io\swagger\core\v3\swagger-models-jakarta\2.2.21\swagger-models-jakarta-2.2.21.jar;C:\Users\maxsu\.m2\repository\com\fasterxml\jackson\dataformat\jackson-dataformat-yaml\2.17.2\jackson-dataformat-yaml-2.17.2.jar;C:\Users\maxsu\.m2\repository\org\webjars\swagger-ui\5.13.0\swagger-ui-5.13.0.jar;C:\Users\maxsu\.m2\repository\com\auth0\java-jwt\4.5.0\java-jwt-4.5.0.jar;C:\Users\maxsu\.m2\repository\com\fasterxml\jackson\core\jackson-core\2.17.2\jackson-core-2.17.2.jar;C:\Users\maxsu\.m2\repository\com\fasterxml\jackson\core\jackson-databind\2.17.2\jackson-databind-2.17.2.jar;C:\Users\maxsu\.m2\repository\com\fasterxml\jackson\core\jackson-annotations\2.17.2\jackson-annotations-2.17.2.jar;C:\Users\maxsu\.m2\repository\org\flywaydb\flyway-mysql\10.10.0\flyway-mysql-10.10.0.jar;C:\Users\maxsu\.m2\repository\org\springframework\boot\spring-boot-starter-validation\3.3.5\spring-boot-starter-validation-3.3.5.jar;C:\Users\maxsu\.m2\repository\org\apache\tomcat\embed\tomcat-embed-el\10.1.31\tomcat-embed-el-10.1.31.jar;C:\Users\maxsu\.m2\repository\org\hibernate\validator\hibernate-validator\8.0.1.Final\hibernate-validator-8.0.1.Final.jar;C:\Users\maxsu\.m2\repository\jakarta\validation\jakarta.validation-api\3.0.2\jakarta.validation-api-3.0.2.jar;C:\Users\maxsu\.m2\repository\org\projectlombok\lombok\1.18.34\lombok-1.18.34.jar;C:\Users\maxsu\.m2\repository\jakarta\xml\bind\jakarta.xml.bind-api\4.0.2\jakarta.xml.bind-api-4.0.2.jar;C:\Users\maxsu\.m2\repository\jakarta\activation\jakarta.activation-api\2.1.3\jakarta.activation-api-2.1.3.jar;C:\Users\maxsu\.m2\repository\org\apache\commons\commons-lang3\3.12.0\commons-lang3-3.12.0.jar;C:\Users\maxsu\.m2\repository\org\springframework\boot\spring-boot-devtools\3.3.5\spring-boot-devtools-3.3.5.jar;C:\Users\maxsu\.m2\repository\org\springframework\boot\spring-boot\3.3.5\spring-boot-3.3.5.jar;C:\Users\maxsu\.m2\repository\org\springframework\boot\spring-boot-autoconfigure\3.3.5\spring-boot-autoconfigure-3.3.5.jar
Launcher Type: SUN_STANDARD

[Global flags]
     intx CICompilerCount                          = 4                                         {product} {ergonomic}
     uint ConcGCThreads                            = 2                                         {product} {ergonomic}
     uint G1ConcRefinementThreads                  = 8                                         {product} {ergonomic}
   size_t G1HeapRegionSize                         = 1048576                                   {product} {ergonomic}
    uintx GCDrainStackTargetSize                   = 64                                        {product} {ergonomic}
   size_t InitialHeapSize                          = 130023424                                 {product} {ergonomic}
   size_t MarkStackSize                            = 4194304                                   {product} {ergonomic}
   size_t MaxHeapSize                              = 2076180480                                {product} {ergonomic}
   size_t MaxNewSize                               = 1245708288                                {product} {ergonomic}
   size_t MinHeapDeltaBytes                        = 1048576                                   {product} {ergonomic}
   size_t MinHeapSize                              = 8388608                                   {product} {ergonomic}
    uintx NonNMethodCodeHeapSize                   = 5839372                                {pd product} {ergonomic}
    uintx NonProfiledCodeHeapSize                  = 122909434                              {pd product} {ergonomic}
    uintx ProfiledCodeHeapSize                     = 122909434                              {pd product} {ergonomic}
    uintx ReservedCodeCacheSize                    = 251658240                              {pd product} {ergonomic}
     bool SegmentedCodeCache                       = true                                      {product} {ergonomic}
   size_t SoftMaxHeapSize                          = 2076180480                             {manageable} {ergonomic}
     bool UseCompressedOops                        = true                           {product lp64_product} {ergonomic}
     bool UseG1GC                                  = true                                      {product} {ergonomic}
     bool UseLargePagesIndividualAllocation        = false                                  {pd product} {ergonomic}

Logging:
Log output configuration:
 #0: stdout all=warning uptime,level,tags foldmultilines=false
 #1: stderr all=off uptime,level,tags foldmultilines=false

Environment Variables:
JAVA_HOME=C:\Program Files\Java\jdk-21
PATH=C:\Program Files\Common Files\Oracle\Java\javapath;C:\Program Files\Java\jdk-21\bin;C:\Program Files\Microsoft MPI\Bin\;C:\WINDOWS\system32;C:\WINDOWS;C:\WINDOWS\System32\Wbem;C:\WINDOWS\System32\WindowsPowerShell\v1.0\;C:\WINDOWS\System32\OpenSSH\;C:\Program Files (x86)\Microsoft SQL Server\160\Tools\Binn\;C:\Program Files\Microsoft SQL Server\160\Tools\Binn\;C:\Program Files\Microsoft SQL Server\Client SDK\ODBC\170\Tools\Binn\;C:\Program Files\Microsoft SQL Server\160\DTS\Binn\;C:\apache-maven\bin;C:\Program Files\nodejs\;C:\Program Files\Docker\Docker\resources\bin;C:\Program Files\Git\cmd;C:\Users\maxsu\AppData\Local\Programs\Python\Launcher\;C:\Users\maxsu\AppData\Local\Microsoft\WindowsApps;C:\Program Files\Java\jdk-23;C:\Program Files\JetBrains\IntelliJ IDEA 2025.2.4\bin;C:\Users\maxsu\AppData\Local\Programs\Microsoft VS Code\bin;C:\Users\maxsu\AppData\Roaming\npm
USERNAME=maxsu
OS=Windows_NT
PROCESSOR_IDENTIFIER=Intel64 Family 6 Model 154 Stepping 4, GenuineIntel
TMP=C:\Users\maxsu\AppData\Local\Temp
TEMP=C:\Users\maxsu\AppData\Local\Temp




Periodic native trim disabled

---------------  S Y S T E M  ---------------

OS:
 Windows 11 , 64 bit Build 26100 (10.0.26100.8246)
OS uptime: 16 days 2:26 hours
Hyper-V role detected

CPU: total 8 (initial active 8) (4 cores per cpu, 2 threads per core) family 6 model 154 stepping 4 microcode 0x424, cx8, cmov, fxsr, ht, mmx, 3dnowpref, sse, sse2, sse3, ssse3, sse4.1, sse4.2, popcnt, lzcnt, tsc, tscinvbit, avx, avx2, aes, erms, clmul, bmi1, bmi2, adx, sha, fma, vzeroupper, clflush, clflushopt, clwb, hv, serialize, rdtscp, rdpid, fsrm, f16c, cet_ibt, cet_ss
Processor Information for processor 0
  Max Mhz: 1200, Current Mhz: 1200, Mhz Limit: 1200
Processor Information for processor 1
  Max Mhz: 1200, Current Mhz: 1200, Mhz Limit: 1200
Processor Information for processor 2
  Max Mhz: 1200, Current Mhz: 1200, Mhz Limit: 1200
Processor Information for processor 3
  Max Mhz: 1200, Current Mhz: 1200, Mhz Limit: 1200
Processor Information for processor 4
  Max Mhz: 900, Current Mhz: 900, Mhz Limit: 900
Processor Information for processor 5
  Max Mhz: 900, Current Mhz: 900, Mhz Limit: 900
Processor Information for processor 6
  Max Mhz: 900, Current Mhz: 900, Mhz Limit: 900
Processor Information for processor 7
  Max Mhz: 900, Current Mhz: 900, Mhz Limit: 900

Memory: 4k page, system-wide physical 7916M (391M free)
TotalPageFile size 32492M (AvailPageFile size 9M)
current process WorkingSet (physical memory assigned to process): 92M, peak: 92M
current process commit charge ("private bytes"): 227M, peak: 227M

vm_info: Java HotSpot(TM) 64-Bit Server VM (21.0.9+7-LTS-338) for windows-amd64 JRE (21.0.9+7-LTS-338), built on 2025-09-26T06:33:49Z by "mach5run" with MS VC++ 17.6 (VS2022)

END.
