#
# There is insufficient memory for the Java Runtime Environment to continue.
# Native memory allocation (malloc) failed to allocate 1057216 bytes for Chunk::new
# Possible reasons:
#   The system is out of physical RAM or swap space
#   The process is running with CompressedOops enabled, and the Java Heap may be blocking the growth of the native heap
# Possible solutions:
#   Reduce memory load on the system
#   Increase physical memory or swap space
#   Check if swap backing store is full
#   Decrease Java heap size (-Xmx/-Xms)
#   Decrease number of Java threads
#   Decrease Java thread stack sizes (-Xss)
#   Set larger code cache with -XX:ReservedCodeCacheSize=
#   JVM is running with Unscaled Compressed Oops mode in which the Java heap is
#     placed in the first 4GB address space. The Java Heap base address is the
#     maximum limit for the native heap growth. Please use -XX:HeapBaseMinAddress
#     to set the Java Heap base and to place the Java Heap above 4GB virtual address.
# This output file may be truncated or incomplete.
#
#  Out of Memory Error (arena.cpp:168), pid=24520, tid=58920
#
# JRE version: Java(TM) SE Runtime Environment (21.0.9+7) (build 21.0.9+7-LTS-338)
# Java VM: Java HotSpot(TM) 64-Bit Server VM (21.0.9+7-LTS-338, mixed mode, sharing, tiered, compressed oops, compressed class ptrs, g1 gc, windows-amd64)
# No core dump will be written. Minidumps are not enabled by default on client versions of Windows
#

---------------  S U M M A R Y ------------

Command Line: -javaagent:C:\Program Files\JetBrains\IntelliJ IDEA 2025.2.4\lib\idea_rt.jar=63970 -Dfile.encoding=UTF-8 -Dsun.stdout.encoding=UTF-8 -Dsun.stderr.encoding=UTF-8 com.example.projeto_turismo.ProjetoTurismoApplication

Host: 12th Gen Intel(R) Core(TM) i3-1215U, 8 cores, 7G,  Windows 11 , 64 bit Build 26100 (10.0.26100.8246)
Time: Mon Jun  8 12:11:50 2026 Hora oficial do Brasil elapsed time: 11.636442 seconds (0d 0h 0m 11s)

---------------  T H R E A D  ---------------

Current thread (0x000001e00f835c70):  JavaThread "C2 CompilerThread1" daemon [_thread_in_native, id=58920, stack(0x0000008653800000,0x0000008653900000) (1024K)]


Current CompileTask:
C2:  11636 5412   !   4       org.springframework.util.ReflectionUtils::doWithMethods (186 bytes)

Stack: [0x0000008653800000,0x0000008653900000]
Native frames: (J=compiled Java code, j=interpreted, Vv=VM code, C=native code)
V  [jvm.dll+0x6cbf89]
V  [jvm.dll+0x858421]
V  [jvm.dll+0x85a94e]
V  [jvm.dll+0x85b023]
V  [jvm.dll+0x27ebc6]
V  [jvm.dll+0xc4f4d]
V  [jvm.dll+0xc5483]
V  [jvm.dll+0x2f1f8d]
V  [jvm.dll+0x5f6cea]
V  [jvm.dll+0x2506d2]
V  [jvm.dll+0x249153]
V  [jvm.dll+0x246b14]
V  [jvm.dll+0x1c7a3e]
V  [jvm.dll+0x256329]
V  [jvm.dll+0x2548ba]
V  [jvm.dll+0x3efdee]
V  [jvm.dll+0x80265b]
V  [jvm.dll+0x6ca66d]
C  [ucrtbase.dll+0x37b0]
C  [KERNEL32.DLL+0x2e8d7]
C  [ntdll.dll+0x8c3fc]


---------------  P R O C E S S  ---------------

Threads class SMR info:
_java_thread_list=0x000001e0561dc250, length=18, elements={
0x000001e072e97370, 0x000001e00f8111b0, 0x000001e00f818560, 0x000001e00f81c020,
0x000001e00f81c9f0, 0x000001e00f81dd80, 0x000001e00f8272c0, 0x000001e00f8303d0,
0x000001e00f834ed0, 0x000001e00fc3b320, 0x000001e00fc6f2a0, 0x000001e00fc6f910,
0x000001e00f835c70, 0x000001e0558fae30, 0x000001e055916c10, 0x000001e0581ace60,
0x000001e057765070, 0x000001e057762910
}

Java Threads: ( => current thread )
  0x000001e072e97370 JavaThread "main"                              [_thread_blocked, id=30560, stack(0x0000008652500000,0x0000008652600000) (1024K)]
  0x000001e00f8111b0 JavaThread "Reference Handler"          daemon [_thread_blocked, id=41492, stack(0x0000008652d00000,0x0000008652e00000) (1024K)]
  0x000001e00f818560 JavaThread "Finalizer"                  daemon [_thread_blocked, id=56916, stack(0x0000008652e00000,0x0000008652f00000) (1024K)]
  0x000001e00f81c020 JavaThread "Signal Dispatcher"          daemon [_thread_blocked, id=14296, stack(0x0000008652f00000,0x0000008653000000) (1024K)]
  0x000001e00f81c9f0 JavaThread "Attach Listener"            daemon [_thread_blocked, id=59888, stack(0x0000008653000000,0x0000008653100000) (1024K)]
  0x000001e00f81dd80 JavaThread "Service Thread"             daemon [_thread_blocked, id=58888, stack(0x0000008653100000,0x0000008653200000) (1024K)]
  0x000001e00f8272c0 JavaThread "Monitor Deflation Thread"   daemon [_thread_blocked, id=44164, stack(0x0000008653200000,0x0000008653300000) (1024K)]
  0x000001e00f8303d0 JavaThread "C2 CompilerThread0"         daemon [_thread_in_native, id=60192, stack(0x0000008653300000,0x0000008653400000) (1024K)]
  0x000001e00f834ed0 JavaThread "C1 CompilerThread0"         daemon [_thread_blocked, id=7672, stack(0x0000008653400000,0x0000008653500000) (1024K)]
  0x000001e00fc3b320 JavaThread "Common-Cleaner"             daemon [_thread_blocked, id=60940, stack(0x0000008653500000,0x0000008653600000) (1024K)]
  0x000001e00fc6f2a0 JavaThread "Monitor Ctrl-Break"         daemon [_thread_in_native, id=17352, stack(0x0000008653600000,0x0000008653700000) (1024K)]
  0x000001e00fc6f910 JavaThread "Notification Thread"        daemon [_thread_blocked, id=53316, stack(0x0000008653700000,0x0000008653800000) (1024K)]
=>0x000001e00f835c70 JavaThread "C2 CompilerThread1"         daemon [_thread_in_native, id=58920, stack(0x0000008653800000,0x0000008653900000) (1024K)]
  0x000001e0558fae30 JavaThread "Thread-0"                          [_thread_blocked, id=61908, stack(0x0000008653900000,0x0000008653a00000) (1024K)]
  0x000001e055916c10 JavaThread "restartedMain"                     [_thread_in_Java, id=62392, stack(0x0000008653e00000,0x0000008653f00000) (1024K)]
  0x000001e0581ace60 JavaThread "mysql-cj-abandoned-connection-cleanup" daemon [_thread_blocked, id=18416, stack(0x0000008653f00000,0x0000008654000000) (1024K)]
  0x000001e057765070 JavaThread "HikariPool-1 housekeeper"   daemon [_thread_blocked, id=59820, stack(0x0000008654500000,0x0000008654600000) (1024K)]
  0x000001e057762910 JavaThread "HikariPool-1 connection adder" daemon [_thread_in_native, id=6596, stack(0x0000008654600000,0x0000008654700000) (1024K)]
Total: 18

Other Threads:
  0x000001e00f7f2d10 VMThread "VM Thread"                           [id=59184, stack(0x0000008652c00000,0x0000008652d00000) (1024K)]
  0x000001e00f7e1db0 WatcherThread "VM Periodic Task Thread"        [id=50404, stack(0x0000008652b00000,0x0000008652c00000) (1024K)]
  0x000001e072eebcc0 WorkerThread "GC Thread#0"                     [id=56668, stack(0x0000008652600000,0x0000008652700000) (1024K)]
  0x000001e0558fb4a0 WorkerThread "GC Thread#1"                     [id=35440, stack(0x0000008653a00000,0x0000008653b00000) (1024K)]
  0x000001e0558fb850 WorkerThread "GC Thread#2"                     [id=10552, stack(0x0000008653b00000,0x0000008653c00000) (1024K)]
  0x000001e0558fbc00 WorkerThread "GC Thread#3"                     [id=40180, stack(0x0000008653c00000,0x0000008653d00000) (1024K)]
  0x000001e0558fbfb0 WorkerThread "GC Thread#4"                     [id=54444, stack(0x0000008653d00000,0x0000008653e00000) (1024K)]
  0x000001e055e1b370 WorkerThread "GC Thread#5"                     [id=45524, stack(0x0000008654000000,0x0000008654100000) (1024K)]
  0x000001e055dc51e0 WorkerThread "GC Thread#6"                     [id=52568, stack(0x0000008654100000,0x0000008654200000) (1024K)]
  0x000001e055cf0e20 WorkerThread "GC Thread#7"                     [id=59760, stack(0x0000008654200000,0x0000008654300000) (1024K)]
  0x000001e072efcc40 ConcurrentGCThread "G1 Main Marker"            [id=8972, stack(0x0000008652700000,0x0000008652800000) (1024K)]
  0x000001e072efd750 WorkerThread "G1 Conc#0"                       [id=59128, stack(0x0000008652800000,0x0000008652900000) (1024K)]
  0x000001e056c27480 WorkerThread "G1 Conc#1"                       [id=10932, stack(0x0000008654400000,0x0000008654500000) (1024K)]
  0x000001e00f6af560 ConcurrentGCThread "G1 Refine#0"               [id=18228, stack(0x0000008652900000,0x0000008652a00000) (1024K)]
  0x000001e00f6b29c0 ConcurrentGCThread "G1 Service"                [id=48316, stack(0x0000008652a00000,0x0000008652b00000) (1024K)]
Total: 15

Threads with active compile tasks:
C2 CompilerThread0    13583 5475   !   4       org.springframework.beans.factory.support.DefaultListableBeanFactory::doGetBeanNamesForType (505 bytes)
C1 CompilerThread0    13583 5531       3       java.lang.ClassLoader::definePackage (53 bytes)
C2 CompilerThread1    13583 5412   !   4       org.springframework.util.ReflectionUtils::doWithMethods (186 bytes)
Total: 3

VM state: not at safepoint (normal execution)

VM Mutex/Monitor currently owned by a thread: None

Heap address: 0x0000000084400000, size: 1980 MB, Compressed Oops mode: 32-bit

CDS archive(s) mapped at: [0x000001e010000000-0x000001e010c90000-0x000001e010c90000), size 13172736, SharedBaseAddress: 0x000001e010000000, ArchiveRelocationMode: 1.
Compressed class space mapped at: 0x000001e011000000-0x000001e051000000, reserved size: 1073741824
Narrow klass base: 0x000001e010000000, Narrow klass shift: 0, Narrow klass range: 0x100000000

GC Precious Log:
 CardTable entry size: 512
 Card Set container configuration: InlinePtr #cards 5 size 8 Array Of Cards #cards 12 size 40 Howl #buckets 4 coarsen threshold 1843 Howl Bitmap #cards 512 size 80 coarsen threshold 460 Card regions per heap region 1 cards per card region 2048
 CPUs: 8 total, 8 available
 Memory: 7916M
 Large Page Support: Disabled
 NUMA Support: Disabled
 Compressed Oops: Enabled (32-bit)
 Heap Region Size: 1M
 Heap Min Capacity: 8M
 Heap Initial Capacity: 124M
 Heap Max Capacity: 1980M
 Pre-touch: Disabled
 Parallel Workers: 8
 Concurrent Workers: 2
 Concurrent Refinement Workers: 8
 Periodic GC: Disabled

Heap:
 garbage-first heap   total 61440K, used 50540K [0x0000000084400000, 0x0000000100000000)
  region size 1024K, 29 young (29696K), 1 survivors (1024K)
 Metaspace       used 45621K, committed 46272K, reserved 1114112K
  class space    used 5682K, committed 5952K, reserved 1048576K

Heap Regions: E=young(eden), S=young(survivor), O=old, HS=humongous(starts), HC=humongous(continues), CS=collection set, F=free, TAMS=top-at-mark-start, PB=parsable bottom
|   0|0x0000000084400000, 0x0000000084500000, 0x0000000084500000|100%|HS|  |TAMS 0x0000000084400000| PB 0x0000000084400000| Complete 
|   1|0x0000000084500000, 0x0000000084600000, 0x0000000084600000|100%| O|  |TAMS 0x0000000084500000| PB 0x0000000084500000| Untracked 
|   2|0x0000000084600000, 0x0000000084700000, 0x0000000084700000|100%| O|  |TAMS 0x0000000084600000| PB 0x0000000084600000| Untracked 
|   3|0x0000000084700000, 0x0000000084800000, 0x0000000084800000|100%| O|  |TAMS 0x0000000084700000| PB 0x0000000084700000| Untracked 
|   4|0x0000000084800000, 0x0000000084900000, 0x0000000084900000|100%| O|  |TAMS 0x0000000084800000| PB 0x0000000084800000| Untracked 
|   5|0x0000000084900000, 0x0000000084a00000, 0x0000000084a00000|100%| O|  |TAMS 0x0000000084900000| PB 0x0000000084900000| Untracked 
|   6|0x0000000084a00000, 0x0000000084b00000, 0x0000000084b00000|100%| O|  |TAMS 0x0000000084a00000| PB 0x0000000084a00000| Untracked 
|   7|0x0000000084b00000, 0x0000000084c00000, 0x0000000084c00000|100%| O|  |TAMS 0x0000000084b00000| PB 0x0000000084b00000| Untracked 
|   8|0x0000000084c00000, 0x0000000084d00000, 0x0000000084d00000|100%| O|  |TAMS 0x0000000084c00000| PB 0x0000000084c00000| Untracked 
|   9|0x0000000084d00000, 0x0000000084e00000, 0x0000000084e00000|100%| O|  |TAMS 0x0000000084d00000| PB 0x0000000084d00000| Untracked 
|  10|0x0000000084e00000, 0x0000000084f00000, 0x0000000084f00000|100%| O|  |TAMS 0x0000000084e00000| PB 0x0000000084e00000| Untracked 
|  11|0x0000000084f00000, 0x0000000085000000, 0x0000000085000000|100%| O|  |TAMS 0x0000000084f00000| PB 0x0000000084f00000| Untracked 
|  12|0x0000000085000000, 0x0000000085100000, 0x0000000085100000|100%| O|  |TAMS 0x0000000085000000| PB 0x0000000085000000| Untracked 
|  13|0x0000000085100000, 0x0000000085200000, 0x0000000085200000|100%| O|  |TAMS 0x0000000085100000| PB 0x0000000085100000| Untracked 
|  14|0x0000000085200000, 0x0000000085300000, 0x0000000085300000|100%| O|  |TAMS 0x0000000085200000| PB 0x0000000085200000| Untracked 
|  15|0x0000000085300000, 0x0000000085400000, 0x0000000085400000|100%| O|Cm|TAMS 0x0000000085300000| PB 0x0000000085300000| Complete 
|  16|0x0000000085400000, 0x0000000085500000, 0x0000000085500000|100%| O|  |TAMS 0x0000000085400000| PB 0x0000000085400000| Untracked 
|  17|0x0000000085500000, 0x0000000085600000, 0x0000000085600000|100%| O|  |TAMS 0x0000000085500000| PB 0x0000000085500000| Untracked 
|  18|0x0000000085600000, 0x00000000856b69f0, 0x0000000085700000| 71%| O|  |TAMS 0x0000000085600000| PB 0x0000000085600000| Untracked 
|  19|0x0000000085700000, 0x0000000085700000, 0x0000000085800000|  0%| F|  |TAMS 0x0000000085700000| PB 0x0000000085700000| Untracked 
|  20|0x0000000085800000, 0x0000000085800000, 0x0000000085900000|  0%| F|  |TAMS 0x0000000085800000| PB 0x0000000085800000| Untracked 
|  21|0x0000000085900000, 0x0000000085900000, 0x0000000085a00000|  0%| F|  |TAMS 0x0000000085900000| PB 0x0000000085900000| Untracked 
|  22|0x0000000085a00000, 0x0000000085a00000, 0x0000000085b00000|  0%| F|  |TAMS 0x0000000085a00000| PB 0x0000000085a00000| Untracked 
|  23|0x0000000085b00000, 0x0000000085b00000, 0x0000000085c00000|  0%| F|  |TAMS 0x0000000085b00000| PB 0x0000000085b00000| Untracked 
|  24|0x0000000085c00000, 0x0000000085c00000, 0x0000000085d00000|  0%| F|  |TAMS 0x0000000085c00000| PB 0x0000000085c00000| Untracked 
|  25|0x0000000085d00000, 0x0000000085d00000, 0x0000000085e00000|  0%| F|  |TAMS 0x0000000085d00000| PB 0x0000000085d00000| Untracked 
|  26|0x0000000085e00000, 0x0000000085e00000, 0x0000000085f00000|  0%| F|  |TAMS 0x0000000085e00000| PB 0x0000000085e00000| Untracked 
|  27|0x0000000085f00000, 0x0000000085f00000, 0x0000000086000000|  0%| F|  |TAMS 0x0000000085f00000| PB 0x0000000085f00000| Untracked 
|  28|0x0000000086000000, 0x0000000086080000, 0x0000000086100000| 50%| E|  |TAMS 0x0000000086000000| PB 0x0000000086000000| Complete 
|  29|0x0000000086100000, 0x0000000086200000, 0x0000000086200000|100%| E|CS|TAMS 0x0000000086100000| PB 0x0000000086100000| Complete 
|  30|0x0000000086200000, 0x0000000086300000, 0x0000000086300000|100%| E|CS|TAMS 0x0000000086200000| PB 0x0000000086200000| Complete 
|  31|0x0000000086300000, 0x0000000086400000, 0x0000000086400000|100%| E|CS|TAMS 0x0000000086300000| PB 0x0000000086300000| Complete 
|  32|0x0000000086400000, 0x0000000086500000, 0x0000000086500000|100%| E|CS|TAMS 0x0000000086400000| PB 0x0000000086400000| Complete 
|  33|0x0000000086500000, 0x0000000086600000, 0x0000000086600000|100%| E|CS|TAMS 0x0000000086500000| PB 0x0000000086500000| Complete 
|  34|0x0000000086600000, 0x0000000086700000, 0x0000000086700000|100%| E|CS|TAMS 0x0000000086600000| PB 0x0000000086600000| Complete 
|  35|0x0000000086700000, 0x0000000086800000, 0x0000000086800000|100%| E|CS|TAMS 0x0000000086700000| PB 0x0000000086700000| Complete 
|  36|0x0000000086800000, 0x0000000086900000, 0x0000000086900000|100%| E|CS|TAMS 0x0000000086800000| PB 0x0000000086800000| Complete 
|  37|0x0000000086900000, 0x0000000086a00000, 0x0000000086a00000|100%| E|CS|TAMS 0x0000000086900000| PB 0x0000000086900000| Complete 
|  38|0x0000000086a00000, 0x0000000086b00000, 0x0000000086b00000|100%| E|CS|TAMS 0x0000000086a00000| PB 0x0000000086a00000| Complete 
|  39|0x0000000086b00000, 0x0000000086c00000, 0x0000000086c00000|100%| E|CS|TAMS 0x0000000086b00000| PB 0x0000000086b00000| Complete 
|  40|0x0000000086c00000, 0x0000000086d00000, 0x0000000086d00000|100%| E|CS|TAMS 0x0000000086c00000| PB 0x0000000086c00000| Complete 
|  41|0x0000000086d00000, 0x0000000086e00000, 0x0000000086e00000|100%| E|CS|TAMS 0x0000000086d00000| PB 0x0000000086d00000| Complete 
|  42|0x0000000086e00000, 0x0000000086f00000, 0x0000000086f00000|100%| E|CS|TAMS 0x0000000086e00000| PB 0x0000000086e00000| Complete 
|  43|0x0000000086f00000, 0x0000000087000000, 0x0000000087000000|100%| E|CS|TAMS 0x0000000086f00000| PB 0x0000000086f00000| Complete 
|  44|0x0000000087000000, 0x0000000087100000, 0x0000000087100000|100%| E|CS|TAMS 0x0000000087000000| PB 0x0000000087000000| Complete 
|  45|0x0000000087100000, 0x0000000087200000, 0x0000000087200000|100%| E|CS|TAMS 0x0000000087100000| PB 0x0000000087100000| Complete 
|  46|0x0000000087200000, 0x0000000087300000, 0x0000000087300000|100%| E|CS|TAMS 0x0000000087200000| PB 0x0000000087200000| Complete 
|  47|0x0000000087300000, 0x00000000873a4790, 0x0000000087400000| 64%| S|CS|TAMS 0x0000000087300000| PB 0x0000000087300000| Complete 
|  48|0x0000000087400000, 0x0000000087500000, 0x0000000087500000|100%| E|CS|TAMS 0x0000000087400000| PB 0x0000000087400000| Complete 
|  49|0x0000000087500000, 0x0000000087600000, 0x0000000087600000|100%| E|CS|TAMS 0x0000000087500000| PB 0x0000000087500000| Complete 
|  72|0x0000000088c00000, 0x0000000088d00000, 0x0000000088d00000|100%| E|CS|TAMS 0x0000000088c00000| PB 0x0000000088c00000| Complete 
|  73|0x0000000088d00000, 0x0000000088e00000, 0x0000000088e00000|100%| E|CS|TAMS 0x0000000088d00000| PB 0x0000000088d00000| Complete 
|  74|0x0000000088e00000, 0x0000000088f00000, 0x0000000088f00000|100%| E|CS|TAMS 0x0000000088e00000| PB 0x0000000088e00000| Complete 
|  75|0x0000000088f00000, 0x0000000089000000, 0x0000000089000000|100%| E|CS|TAMS 0x0000000088f00000| PB 0x0000000088f00000| Complete 
|  76|0x0000000089000000, 0x0000000089100000, 0x0000000089100000|100%| E|CS|TAMS 0x0000000089000000| PB 0x0000000089000000| Complete 
|  77|0x0000000089100000, 0x0000000089200000, 0x0000000089200000|100%| E|CS|TAMS 0x0000000089100000| PB 0x0000000089100000| Complete 
| 123|0x000000008bf00000, 0x000000008c000000, 0x000000008c000000|100%| E|CS|TAMS 0x000000008bf00000| PB 0x000000008bf00000| Complete 
|1977|0x00000000ffd00000, 0x00000000ffe00000, 0x00000000ffe00000|100%| O|  |TAMS 0x00000000ffd00000| PB 0x00000000ffd00000| Untracked 
|1978|0x00000000ffe00000, 0x00000000fff00000, 0x00000000fff00000|100%| O|  |TAMS 0x00000000ffe00000| PB 0x00000000ffe00000| Untracked 
|1979|0x00000000fff00000, 0x0000000100000000, 0x0000000100000000|100%| O|  |TAMS 0x00000000fff00000| PB 0x00000000fff00000| Untracked 

Card table byte_map: [0x000001e07ba40000,0x000001e07be20000] _byte_map_base: 0x000001e07b61e000

Marking Bits: (CMBitMap*) 0x000001e072eecbe0
 Bits: [0x000001e07be20000, 0x000001e07dd10000)

Polling page: 0x000001e070e60000

Metaspace:

Usage:
  Non-class:     39.02 MB used.
      Class:      5.55 MB used.
       Both:     44.56 MB used.

Virtual space:
  Non-class space:       64.00 MB reserved,      39.38 MB ( 62%) committed,  1 nodes.
      Class space:        1.00 GB reserved,       5.81 MB ( <1%) committed,  1 nodes.
             Both:        1.06 GB reserved,      45.19 MB (  4%) committed. 

Chunk freelists:
   Non-Class:  8.53 MB
       Class:  10.00 MB
        Both:  18.53 MB

MaxMetaspaceSize: unlimited
CompressedClassSpaceSize: 1.00 GB
Initial GC threshold: 21.00 MB
Current GC threshold: 59.06 MB
CDS: on
 - commit_granule_bytes: 65536.
 - commit_granule_words: 8192.
 - virtual_space_node_default_size: 8388608.
 - enlarge_chunks_in_place: 1.
 - use_allocation_guard: 0.


Internal statistics:

num_allocs_failed_limit: 6.
num_arena_births: 782.
num_arena_deaths: 0.
num_vsnodes_births: 2.
num_vsnodes_deaths: 0.
num_space_committed: 723.
num_space_uncommitted: 0.
num_chunks_returned_to_freelist: 6.
num_chunks_taken_from_freelist: 2348.
num_chunk_merges: 3.
num_chunk_splits: 1601.
num_chunks_enlarged: 1127.
num_inconsistent_stats: 0.

CodeHeap 'non-profiled nmethods': size=120000Kb used=3296Kb max_used=3296Kb free=116703Kb
 bounds [0x000001e007ad0000, 0x000001e007e10000, 0x000001e00f000000]
CodeHeap 'profiled nmethods': size=120000Kb used=11022Kb max_used=11022Kb free=108977Kb
 bounds [0x000001e000000000, 0x000001e000ad0000, 0x000001e007530000]
CodeHeap 'non-nmethods': size=5760Kb used=1599Kb max_used=1618Kb free=4160Kb
 bounds [0x000001e007530000, 0x000001e0077a0000, 0x000001e007ad0000]
 total_blobs=5803 nmethods=5153 adapters=554
 compilation: enabled
              stopped_count=0, restarted_count=0
 full_count=0

Compilation events (20 events):
Event: 10.288 Thread 0x000001e00f834ed0 nmethod 5501 0x000001e000aacb90 code [0x000001e000aacda0, 0x000001e000aad4a8]
Event: 10.288 Thread 0x000001e00f834ed0 5500       3       com.sun.crypto.provider.CounterMode::crypt (32 bytes)
Event: 10.288 Thread 0x000001e00f834ed0 nmethod 5500 0x000001e000aad810 code [0x000001e000aada20, 0x000001e000aadf00]
Event: 10.288 Thread 0x000001e00f834ed0 5502       3       java.util.StringTokenizer::setMaxDelimCodePoint (156 bytes)
Event: 10.289 Thread 0x000001e00f834ed0 nmethod 5502 0x000001e000aae190 code [0x000001e000aae400, 0x000001e000aaf0f8]
Event: 10.289 Thread 0x000001e00f834ed0 5505       3       org.springframework.util.AntPathMatcher::doMatch (650 bytes)
Event: 11.304 Thread 0x000001e00f834ed0 nmethod 5505 0x000001e000aaf610 code [0x000001e000aafbe0, 0x000001e000ab2720]
Event: 11.320 Thread 0x000001e00f834ed0 5503       3       java.nio.file.FileTreeIterator::hasNext (35 bytes)
Event: 11.321 Thread 0x000001e00f834ed0 nmethod 5503 0x000001e000ab3b10 code [0x000001e000ab3ce0, 0x000001e000ab4050]
Event: 11.321 Thread 0x000001e00f834ed0 5510       3       org.springframework.core.io.AbstractResource::<init> (5 bytes)
Event: 11.321 Thread 0x000001e00f834ed0 nmethod 5510 0x000001e000ab4190 code [0x000001e000ab4340, 0x000001e000ab44a8]
Event: 11.321 Thread 0x000001e00f834ed0 5509       3       com.mysql.cj.protocol.a.NativeProtocol::getServerSession (5 bytes)
Event: 11.321 Thread 0x000001e00f834ed0 nmethod 5509 0x000001e000ab4590 code [0x000001e000ab4720, 0x000001e000ab4840]
Event: 11.321 Thread 0x000001e00f834ed0 5506       3       java.util.stream.ForEachOps$ForEachOp$OfRef::accept (11 bytes)
Event: 11.321 Thread 0x000001e00f834ed0 nmethod 5506 0x000001e000ab4910 code [0x000001e000ab4ac0, 0x000001e000ab4c98]
Event: 11.321 Thread 0x000001e00f834ed0 5508       3       com.mysql.cj.protocol.a.NativePacketHeader::<init> (13 bytes)
Event: 11.321 Thread 0x000001e00f834ed0 nmethod 5508 0x000001e000ab4d90 code [0x000001e000ab4f40, 0x000001e000ab5138]
Event: 11.321 Thread 0x000001e00f834ed0 5507   !   3       com.mysql.cj.protocol.a.SimplePacketReader::readHeaderLocal (109 bytes)
Event: 11.322 Thread 0x000001e00f834ed0 nmethod 5507 0x000001e000ab5210 code [0x000001e000ab5520, 0x000001e000ab6540]
Event: 11.322 Thread 0x000001e00f834ed0 5512       3       java.net.URI$Parser::scan (76 bytes)

GC Heap History (14 events):
Event: 1.528 GC heap before
{Heap before GC invocations=0 (full 0):
 garbage-first heap   total 126976K, used 23552K [0x0000000084400000, 0x0000000100000000)
  region size 1024K, 23 young (23552K), 0 survivors (0K)
 Metaspace       used 5087K, committed 5376K, reserved 1114112K
  class space    used 555K, committed 704K, reserved 1048576K
}
Event: 1.536 GC heap after
{Heap after GC invocations=1 (full 0):
 garbage-first heap   total 126976K, used 7884K [0x0000000084400000, 0x0000000100000000)
  region size 1024K, 3 young (3072K), 3 survivors (3072K)
 Metaspace       used 5087K, committed 5376K, reserved 1114112K
  class space    used 555K, committed 704K, reserved 1048576K
}
Event: 2.585 GC heap before
{Heap before GC invocations=1 (full 0):
 garbage-first heap   total 126976K, used 35532K [0x0000000084400000, 0x0000000100000000)
  region size 1024K, 31 young (31744K), 3 survivors (3072K)
 Metaspace       used 12672K, committed 12992K, reserved 1114112K
  class space    used 1593K, committed 1728K, reserved 1048576K
}
Event: 2.590 GC heap after
{Heap after GC invocations=2 (full 0):
 garbage-first heap   total 126976K, used 10182K [0x0000000084400000, 0x0000000100000000)
  region size 1024K, 3 young (3072K), 3 survivors (3072K)
 Metaspace       used 12672K, committed 12992K, reserved 1114112K
  class space    used 1593K, committed 1728K, reserved 1048576K
}
Event: 3.231 GC heap before
{Heap before GC invocations=2 (full 0):
 garbage-first heap   total 126976K, used 53190K [0x0000000084400000, 0x0000000100000000)
  region size 1024K, 46 young (47104K), 3 survivors (3072K)
 Metaspace       used 21258K, committed 21504K, reserved 1114112K
  class space    used 2642K, committed 2752K, reserved 1048576K
}
Event: 3.237 GC heap after
{Heap after GC invocations=3 (full 0):
 garbage-first heap   total 126976K, used 14020K [0x0000000084400000, 0x0000000100000000)
  region size 1024K, 6 young (6144K), 6 survivors (6144K)
 Metaspace       used 21258K, committed 21504K, reserved 1114112K
  class space    used 2642K, committed 2752K, reserved 1048576K
}
Event: 4.284 GC heap before
{Heap before GC invocations=4 (full 0):
 garbage-first heap   total 51200K, used 49860K [0x0000000084400000, 0x0000000100000000)
  region size 1024K, 42 young (43008K), 6 survivors (6144K)
 Metaspace       used 25280K, committed 25600K, reserved 1114112K
  class space    used 3130K, committed 3264K, reserved 1048576K
}
Event: 4.291 GC heap after
{Heap after GC invocations=5 (full 0):
 garbage-first heap   total 61440K, used 17145K [0x0000000084400000, 0x0000000100000000)
  region size 1024K, 7 young (7168K), 7 survivors (7168K)
 Metaspace       used 25280K, committed 25600K, reserved 1114112K
  class space    used 3130K, committed 3264K, reserved 1048576K
}
Event: 5.305 GC heap before
{Heap before GC invocations=5 (full 0):
 garbage-first heap   total 61440K, used 46841K [0x0000000084400000, 0x0000000100000000)
  region size 1024K, 36 young (36864K), 7 survivors (7168K)
 Metaspace       used 29647K, committed 30080K, reserved 1114112K
  class space    used 3697K, committed 3904K, reserved 1048576K
}
Event: 5.312 GC heap after
{Heap after GC invocations=6 (full 0):
 garbage-first heap   total 61440K, used 19641K [0x0000000084400000, 0x0000000100000000)
  region size 1024K, 3 young (3072K), 3 survivors (3072K)
 Metaspace       used 29647K, committed 30080K, reserved 1114112K
  class space    used 3697K, committed 3904K, reserved 1048576K
}
Event: 6.375 GC heap before
{Heap before GC invocations=6 (full 0):
 garbage-first heap   total 61440K, used 48313K [0x0000000084400000, 0x0000000100000000)
  region size 1024K, 32 young (32768K), 3 survivors (3072K)
 Metaspace       used 34522K, committed 35072K, reserved 1114112K
  class space    used 4357K, committed 4608K, reserved 1048576K
}
Event: 6.379 GC heap after
{Heap after GC invocations=7 (full 0):
 garbage-first heap   total 61440K, used 22351K [0x0000000084400000, 0x0000000100000000)
  region size 1024K, 3 young (3072K), 3 survivors (3072K)
 Metaspace       used 34522K, committed 35072K, reserved 1114112K
  class space    used 4357K, committed 4608K, reserved 1048576K
}
Event: 6.571 GC heap before
{Heap before GC invocations=7 (full 0):
 garbage-first heap   total 61440K, used 30543K [0x0000000084400000, 0x0000000100000000)
  region size 1024K, 12 young (12288K), 3 survivors (3072K)
 Metaspace       used 35681K, committed 36160K, reserved 1114112K
  class space    used 4526K, committed 4736K, reserved 1048576K
}
Event: 6.574 GC heap after
{Heap after GC invocations=8 (full 0):
 garbage-first heap   total 61440K, used 22892K [0x0000000084400000, 0x0000000100000000)
  region size 1024K, 1 young (1024K), 1 survivors (1024K)
 Metaspace       used 35681K, committed 36160K, reserved 1114112K
  class space    used 4526K, committed 4736K, reserved 1048576K
}

Dll operation events (13 events):
Event: 0.031 Loaded shared library C:\Program Files\Java\jdk-21\bin\java.dll
Event: 0.084 Loaded shared library C:\Program Files\Java\jdk-21\bin\jsvml.dll
Event: 0.689 Loaded shared library C:\Program Files\Java\jdk-21\bin\zip.dll
Event: 0.702 Loaded shared library C:\Program Files\Java\jdk-21\bin\instrument.dll
Event: 0.722 Loaded shared library C:\Program Files\Java\jdk-21\bin\net.dll
Event: 0.729 Loaded shared library C:\Program Files\Java\jdk-21\bin\nio.dll
Event: 0.736 Loaded shared library C:\Program Files\Java\jdk-21\bin\zip.dll
Event: 0.987 Loaded shared library C:\Program Files\Java\jdk-21\bin\extnet.dll
Event: 1.010 Loaded shared library C:\Program Files\Java\jdk-21\bin\verify.dll
Event: 1.018 Loaded shared library C:\Program Files\Java\jdk-21\bin\jimage.dll
Event: 1.436 Loaded shared library C:\Program Files\Java\jdk-21\bin\management.dll
Event: 1.438 Loaded shared library C:\Program Files\Java\jdk-21\bin\management_ext.dll
Event: 3.328 Loaded shared library C:\Program Files\Java\jdk-21\bin\sunmscapi.dll

Deoptimization events (20 events):
Event: 10.156 Thread 0x000001e055916c10 Uncommon trap: trap_request=0xffffffbe fr.pc=0x000001e007d9fc40 relative=0x00000000000049a0
Event: 10.156 Thread 0x000001e055916c10 Uncommon trap: reason=profile_predicate action=maybe_recompile pc=0x000001e007d9fc40 method=org.springframework.util.ReflectionUtils.doWithMethods(Ljava/lang/Class;Lorg/springframework/util/ReflectionUtils$MethodCallback;Lorg/springframework/util/Reflecti
Event: 10.156 Thread 0x000001e055916c10 DEOPT PACKING pc=0x000001e007d9fc40 sp=0x0000008653efa770
Event: 10.156 Thread 0x000001e055916c10 DEOPT UNPACKING pc=0x000001e0075846a2 sp=0x0000008653efa7a0 mode 2
Event: 10.156 Thread 0x000001e055916c10 Uncommon trap: trap_request=0xffffffbe fr.pc=0x000001e007d9fc40 relative=0x00000000000049a0
Event: 10.156 Thread 0x000001e055916c10 Uncommon trap: reason=profile_predicate action=maybe_recompile pc=0x000001e007d9fc40 method=org.springframework.util.ReflectionUtils.doWithMethods(Ljava/lang/Class;Lorg/springframework/util/ReflectionUtils$MethodCallback;Lorg/springframework/util/Reflecti
Event: 10.156 Thread 0x000001e055916c10 DEOPT PACKING pc=0x000001e007d9fc40 sp=0x0000008653efa6b0
Event: 10.156 Thread 0x000001e055916c10 DEOPT UNPACKING pc=0x000001e0075846a2 sp=0x0000008653efa6f8 mode 2
Event: 10.156 Thread 0x000001e055916c10 Uncommon trap: trap_request=0xffffffbe fr.pc=0x000001e007d9fc40 relative=0x00000000000049a0
Event: 10.156 Thread 0x000001e055916c10 Uncommon trap: reason=profile_predicate action=maybe_recompile pc=0x000001e007d9fc40 method=org.springframework.util.ReflectionUtils.doWithMethods(Ljava/lang/Class;Lorg/springframework/util/ReflectionUtils$MethodCallback;Lorg/springframework/util/Reflecti
Event: 10.156 Thread 0x000001e055916c10 DEOPT PACKING pc=0x000001e007d9fc40 sp=0x0000008653efa610
Event: 10.156 Thread 0x000001e055916c10 DEOPT UNPACKING pc=0x000001e0075846a2 sp=0x0000008653efa658 mode 2
Event: 10.156 Thread 0x000001e055916c10 Uncommon trap: trap_request=0xffffffbe fr.pc=0x000001e007d9fc40 relative=0x00000000000049a0
Event: 10.156 Thread 0x000001e055916c10 Uncommon trap: reason=profile_predicate action=maybe_recompile pc=0x000001e007d9fc40 method=org.springframework.util.ReflectionUtils.doWithMethods(Ljava/lang/Class;Lorg/springframework/util/ReflectionUtils$MethodCallback;Lorg/springframework/util/Reflecti
Event: 10.156 Thread 0x000001e055916c10 DEOPT PACKING pc=0x000001e007d9fc40 sp=0x0000008653efa570
Event: 10.156 Thread 0x000001e055916c10 DEOPT UNPACKING pc=0x000001e0075846a2 sp=0x0000008653efa5b8 mode 2
Event: 10.201 Thread 0x000001e055916c10 DEOPT PACKING pc=0x000001e000a22455 sp=0x0000008653ef86d0
Event: 10.201 Thread 0x000001e055916c10 DEOPT UNPACKING pc=0x000001e007584e42 sp=0x0000008653ef7b40 mode 0
Event: 10.247 Thread 0x000001e055916c10 DEOPT PACKING pc=0x000001e0007c6d3e sp=0x0000008653ef9a40
Event: 10.248 Thread 0x000001e055916c10 DEOPT UNPACKING pc=0x000001e007584e42 sp=0x0000008653ef8fe0 mode 0

Classes loaded (20 events):
Event: 10.104 Loading class java/util/stream/LongPipeline
Event: 10.104 Loading class java/util/stream/LongStream
Event: 10.105 Loading class java/util/stream/LongStream done
Event: 10.105 Loading class java/util/stream/LongPipeline done
Event: 10.105 Loading class java/util/stream/LongPipeline$StatelessOp done
Event: 10.105 Loading class java/util/stream/ReferencePipeline$5 done
Event: 10.105 Loading class java/util/function/LongBinaryOperator
Event: 10.106 Loading class java/util/function/LongBinaryOperator done
Event: 10.106 Loading class java/util/stream/ReduceOps$10
Event: 10.106 Loading class java/util/stream/ReduceOps$10 done
Event: 10.106 Loading class java/util/stream/ReduceOps$8ReducingSink
Event: 10.107 Loading class java/util/stream/Sink$OfLong
Event: 10.107 Loading class java/util/stream/Sink$OfLong done
Event: 10.107 Loading class java/util/stream/ReduceOps$8ReducingSink done
Event: 10.107 Loading class java/util/stream/ReferencePipeline$5$1
Event: 10.107 Loading class java/util/stream/ReferencePipeline$5$1 done
Event: 10.125 Loading class java/time/Instant$1
Event: 10.125 Loading class java/time/Instant$1 done
Event: 10.238 Loading class javax/naming/Referenceable
Event: 10.238 Loading class javax/naming/Referenceable done

Classes unloaded (0 events):
No events

Classes redefined (0 events):
No events

Internal exceptions (20 events):
Event: 5.881 Thread 0x000001e055916c10 Exception <a 'java/lang/NoSuchMethodError'{0x0000000086ff2638}: 'java.lang.Object java.lang.invoke.DirectMethodHandle$Holder.invokeStaticInit(java.lang.Object, int, int, int, int)'> (0x0000000086ff2638) 
thrown [s\open\src\hotspot\share\interpreter\linkResolver.cpp, line 773]
Event: 6.014 Thread 0x000001e055916c10 Exception <a 'java/lang/NoSuchMethodError'{0x0000000086eb5588}: 'java.lang.Object java.lang.invoke.DirectMethodHandle$Holder.invokeStaticInit(java.lang.Object, java.lang.Object, int, int, int, int)'> (0x0000000086eb5588) 
thrown [s\open\src\hotspot\share\interpreter\linkResolver.cpp, line 773]
Event: 6.198 Thread 0x000001e055916c10 Implicit null exception at 0x000001e007d5fc24 to 0x000001e007d60654
Event: 6.208 Thread 0x000001e055916c10 Exception <a 'java/lang/NoSuchMethodError'{0x00000000866b1710}: 'int java.lang.invoke.DirectMethodHandle$Holder.invokeVirtual(java.lang.Object, java.lang.Object, java.lang.Object, java.lang.Object)'> (0x00000000866b1710) 
thrown [s\open\src\hotspot\share\interpreter\linkResolver.cpp, line 773]
Event: 6.208 Thread 0x000001e055916c10 Exception <a 'java/lang/NoSuchMethodError'{0x00000000866b4fa0}: 'int java.lang.invoke.DelegatingMethodHandle$Holder.reinvoke_L(java.lang.Object, java.lang.Object, java.lang.Object, java.lang.Object)'> (0x00000000866b4fa0) 
thrown [s\open\src\hotspot\share\interpreter\linkResolver.cpp, line 773]
Event: 6.277 Thread 0x000001e055916c10 Exception <a 'java/io/FileNotFoundException'{0x00000000864ec2b0}> (0x00000000864ec2b0) 
thrown [s\open\src\hotspot\share\prims\jni.cpp, line 520]
Event: 6.315 Thread 0x000001e055916c10 Exception <a 'java/lang/NoSuchMethodError'{0x00000000862c8fd0}: 'int java.lang.invoke.DirectMethodHandle$Holder.invokeInterface(java.lang.Object, java.lang.Object, java.lang.Object, java.lang.Object)'> (0x00000000862c8fd0) 
thrown [s\open\src\hotspot\share\interpreter\linkResolver.cpp, line 773]
Event: 6.348 Thread 0x000001e055916c10 Exception <a 'java/lang/NoSuchMethodError'{0x00000000861c90f8}: 'void java.lang.invoke.Invokers$Holder.invokeExact_MT(java.lang.Object, java.lang.Object, java.lang.Object, java.lang.Object)'> (0x00000000861c90f8) 
thrown [s\open\src\hotspot\share\interpreter\linkResolver.cpp, line 773]
Event: 6.399 Thread 0x000001e055916c10 Exception <a 'java/lang/NoSuchMethodError'{0x000000008905c548}: 'java.lang.Object java.lang.invoke.DirectMethodHandle$Holder.invokeVirtual(java.lang.Object, java.lang.Object, java.lang.Object, java.lang.Object, java.lang.Object, java.lang.Object, java.lang.Object, java.lang.Object, java.lang.Object, java.lang.Object)'> (0x000000008905c548) 
thrown [s\open\src\hotspot\share\interpreter\linkResolver.cpp, line 773]
Event: 6.493 Thread 0x000001e055916c10 Exception <a 'java/lang/NoSuchMethodError'{0x0000000088cb5118}: 'java.lang.Object java.lang.invoke.DirectMethodHandle$Holder.invokeVirtual(java.lang.Object, java.lang.Object, int)'> (0x0000000088cb5118) 
thrown [s\open\src\hotspot\share\interpreter\linkResolver.cpp, line 773]
Event: 6.536 Thread 0x000001e055916c10 Exception <a 'java/lang/IncompatibleClassChangeError'{0x0000000087404448}: Found class java.lang.Object, but interface was expected> (0x0000000087404448) 
thrown [s\open\src\hotspot\share\interpreter\linkResolver.cpp, line 840]
Event: 7.150 Thread 0x000001e055916c10 Exception <a 'sun/nio/fs/WindowsException'{0x0000000087036e70}> (0x0000000087036e70) 
thrown [s\open\src\hotspot\share\prims\jni.cpp, line 520]
Event: 9.637 Thread 0x000001e055916c10 Exception <a 'java/lang/NoSuchMethodError'{0x0000000086c2b128}: 'java.lang.Object java.lang.invoke.DirectMethodHandle$Holder.invokeSpecial(java.lang.Object, java.lang.Object, java.lang.Object, int, int)'> (0x0000000086c2b128) 
thrown [s\open\src\hotspot\share\interpreter\linkResolver.cpp, line 773]
Event: 9.673 Thread 0x000001e055916c10 Exception <a 'java/lang/NoSuchMethodError'{0x0000000086b0e0d8}: 'java.lang.Object java.lang.invoke.DirectMethodHandle$Holder.invokeStaticInit(java.lang.Object, java.lang.Object, java.lang.Object, java.lang.Object)'> (0x0000000086b0e0d8) 
thrown [s\open\src\hotspot\share\interpreter\linkResolver.cpp, line 773]
Event: 9.688 Thread 0x000001e055916c10 Exception <a 'java/lang/NoSuchMethodError'{0x0000000086b8ca50}: 'java.lang.Object java.lang.invoke.DirectMethodHandle$Holder.invokeSpecial(java.lang.Object, java.lang.Object, java.lang.Object, java.lang.Object, java.lang.Object, int, java.lang.Object)'> (0x0000000086b8ca50) 
thrown [s\open\src\hotspot\share\interpreter\linkResolver.cpp, line 773]
Event: 9.988 Thread 0x000001e055916c10 Exception <a 'java/lang/NoSuchMethodError'{0x0000000086761840}: 'java.lang.Object java.lang.invoke.DirectMethodHandle$Holder.invokeStatic(java.lang.Object, java.lang.Object, java.lang.Object, java.lang.Object, java.lang.Object, java.lang.Object, java.lang.Object, java.lang.Object, java.lang.Object, java.lang.Object, java.lang.Object, java.lang.Object, java.lang.Object)'> (0x0000000086761840) 
thrown [s\open\src\hotspot\share\interpreter\linkResolver.cpp, line 773]
Event: 9.992 Thread 0x000001e055916c10 Exception <a 'java/lang/NoSuchMethodError'{0x0000000086780610}: 'java.lang.Object java.lang.invoke.DirectMethodHandle$Holder.invokeStatic(java.lang.Object, java.lang.Object, java.lang.Object, java.lang.Object, java.lang.Object, java.lang.Object, java.lang.Object, java.lang.Object, java.lang.Object, java.lang.Object, java.lang.Object, java.lang.Object, java.lang.Object, java.lang.Object)'> (0x0000000086780610) 
thrown [s\open\src\hotspot\share\interpreter\linkResolver.cpp, line 773]
Event: 9.995 Thread 0x000001e055916c10 Exception <a 'java/lang/NoSuchMethodError'{0x000000008678ef88}: 'java.lang.Object java.lang.invoke.Invokers$Holder.linkToTargetMethod(java.lang.Object, java.lang.Object, java.lang.Object, java.lang.Object, java.lang.Object, java.lang.Object, java.lang.Object, java.lang.Object, java.lang.Object, java.lang.Object, java.lang.Object, java.lang.Object, java.lang.Object, java.lang.Object)'> (0x000000008678ef88) 
thrown [s\open\src\hotspot\share\interpreter\linkResolver.cpp, line 773]
Event: 10.045 Thread 0x000001e055916c10 Exception <a 'java/lang/NoSuchMethodError'{0x000000008663a928}: 'java.lang.Object java.lang.invoke.DirectMethodHandle$Holder.newInvokeSpecial(java.lang.Object, java.lang.Object, int)'> (0x000000008663a928) 
thrown [s\open\src\hotspot\share\interpreter\linkResolver.cpp, line 773]
Event: 10.178 Thread 0x000001e055916c10 Exception <a 'java/lang/NoSuchMethodError'{0x0000000086454710}: 'java.lang.Object java.lang.invoke.DirectMethodHandle$Holder.newInvokeSpecial(java.lang.Object, java.lang.Object, java.lang.Object, java.lang.Object, java.lang.Object, java.lang.Object, java.lang.Object, java.lang.Object, java.lang.Object, java.lang.Object, java.lang.Object)'> (0x0000000086454710) 
thrown [s\open\src\hotspot\share\interpreter\linkResolver.cpp, line 773]

ZGC Phase Switch (0 events):
No events

VM Operations (20 events):
Event: 6.594 Executing VM operation: G1PauseRemark
Event: 6.597 Executing VM operation: G1PauseRemark done
Event: 6.605 Executing VM operation: G1PauseCleanup
Event: 6.605 Executing VM operation: G1PauseCleanup done
Event: 7.155 Executing VM operation: HandshakeAllThreads (Deoptimize)
Event: 7.155 Executing VM operation: HandshakeAllThreads (Deoptimize) done
Event: 7.162 Executing VM operation: HandshakeAllThreads (Deoptimize)
Event: 7.162 Executing VM operation: HandshakeAllThreads (Deoptimize) done
Event: 7.249 Executing VM operation: HandshakeAllThreads (Deoptimize)
Event: 7.249 Executing VM operation: HandshakeAllThreads (Deoptimize) done
Event: 8.255 Executing VM operation: Cleanup
Event: 8.395 Executing VM operation: Cleanup done
Event: 9.398 Executing VM operation: Cleanup
Event: 9.445 Executing VM operation: Cleanup done
Event: 9.454 Executing VM operation: HandshakeAllThreads (Deoptimize)
Event: 9.454 Executing VM operation: HandshakeAllThreads (Deoptimize) done
Event: 10.134 Executing VM operation: ICBufferFull
Event: 10.135 Executing VM operation: ICBufferFull done
Event: 11.146 Executing VM operation: Cleanup
Event: 11.320 Executing VM operation: Cleanup done

Events (20 events):
Event: 6.597 Thread 0x000001e00f7f2d10 flushing nmethod 0x000001e0001a9810
Event: 6.597 Thread 0x000001e00f7f2d10 flushing nmethod 0x000001e0001aa410
Event: 6.597 Thread 0x000001e00f7f2d10 flushing nmethod 0x000001e0001aae90
Event: 6.597 Thread 0x000001e00f7f2d10 flushing nmethod 0x000001e0001ab390
Event: 6.597 Thread 0x000001e00f7f2d10 flushing nmethod 0x000001e0001caa10
Event: 6.597 Thread 0x000001e00f7f2d10 flushing nmethod 0x000001e0001d0810
Event: 6.597 Thread 0x000001e00f7f2d10 flushing nmethod 0x000001e00023d710
Event: 6.597 Thread 0x000001e00f7f2d10 flushing nmethod 0x000001e000241090
Event: 6.597 Thread 0x000001e00f7f2d10 flushing nmethod 0x000001e00027b390
Event: 6.597 Thread 0x000001e00f7f2d10 flushing nmethod 0x000001e000293d90
Event: 6.597 Thread 0x000001e00f7f2d10 flushing nmethod 0x000001e0002b5790
Event: 6.597 Thread 0x000001e00f7f2d10 flushing nmethod 0x000001e0002f9390
Event: 6.597 Thread 0x000001e00f7f2d10 flushing nmethod 0x000001e0002fd610
Event: 6.597 Thread 0x000001e00f7f2d10 flushing nmethod 0x000001e000325910
Event: 6.597 Thread 0x000001e00f7f2d10 flushing nmethod 0x000001e00033d910
Event: 6.597 Thread 0x000001e00f7f2d10 flushing nmethod 0x000001e000340d90
Event: 6.597 Thread 0x000001e00f7f2d10 flushing nmethod 0x000001e000342b10
Event: 6.597 Thread 0x000001e00f7f2d10 flushing nmethod 0x000001e0003aed90
Event: 9.616 Thread 0x000001e057765070 Thread added: 0x000001e057765070
Event: 9.723 Thread 0x000001e057762910 Thread added: 0x000001e057762910


Dynamic libraries:
0x00007ff6f9790000 - 0x00007ff6f97a0000 	C:\Program Files\Java\jdk-21\bin\java.exe
0x00007ff983ac0000 - 0x00007ff983d27000 	C:\WINDOWS\SYSTEM32\ntdll.dll
0x00007ff983140000 - 0x00007ff983209000 	C:\WINDOWS\System32\KERNEL32.DLL
0x00007ff980b30000 - 0x00007ff980f24000 	C:\WINDOWS\System32\KERNELBASE.dll
0x00007ff980390000 - 0x00007ff9804db000 	C:\WINDOWS\System32\ucrtbase.dll
0x00007ff976f20000 - 0x00007ff976f39000 	C:\Program Files\Java\jdk-21\bin\jli.dll
0x00007ff981b80000 - 0x00007ff981c36000 	C:\WINDOWS\System32\ADVAPI32.dll
0x00007ff9833f0000 - 0x00007ff983499000 	C:\WINDOWS\System32\msvcrt.dll
0x00007ff977ca0000 - 0x00007ff977cbb000 	C:\Program Files\Java\jdk-21\bin\VCRUNTIME140.dll
0x00007ff9834a0000 - 0x00007ff983547000 	C:\WINDOWS\System32\sechost.dll
0x00007ff981850000 - 0x00007ff981968000 	C:\WINDOWS\System32\RPCRT4.dll
0x00007ff982510000 - 0x00007ff9826d5000 	C:\WINDOWS\System32\USER32.dll
0x00007ff980810000 - 0x00007ff980837000 	C:\WINDOWS\System32\win32u.dll
0x00007ff9827c0000 - 0x00007ff9827eb000 	C:\WINDOWS\System32\GDI32.dll
0x00007ff964ee0000 - 0x00007ff965173000 	C:\WINDOWS\WinSxS\amd64_microsoft.windows.common-controls_6595b64144ccf1df_6.0.26100.8115_none_3e075c82e3354f9c\COMCTL32.dll
0x00007ff980590000 - 0x00007ff9806bb000 	C:\WINDOWS\System32\gdi32full.dll
0x00007ff980f30000 - 0x00007ff980fd3000 	C:\WINDOWS\System32\msvcp_win.dll
0x00007ff9627b0000 - 0x00007ff9627bb000 	C:\WINDOWS\SYSTEM32\VERSION.dll
0x00007ff981c40000 - 0x00007ff981c72000 	C:\WINDOWS\System32\IMM32.DLL
0x00007ff97b630000 - 0x00007ff97b63c000 	C:\Program Files\Java\jdk-21\bin\vcruntime140_1.dll
0x00007ff9653e0000 - 0x00007ff96546e000 	C:\Program Files\Java\jdk-21\bin\msvcp140.dll
0x00007ff907240000 - 0x00007ff907f5d000 	C:\Program Files\Java\jdk-21\bin\server\jvm.dll
0x00007ff981a70000 - 0x00007ff981af0000 	C:\WINDOWS\System32\WS2_32.dll
0x00007ff980210000 - 0x00007ff98026e000 	C:\WINDOWS\SYSTEM32\POWRPROF.dll
0x00007ff977c60000 - 0x00007ff977c96000 	C:\WINDOWS\SYSTEM32\WINMM.dll
0x00007ff9801f0000 - 0x00007ff980204000 	C:\WINDOWS\SYSTEM32\UMPDC.dll
0x00007ff97f0e0000 - 0x00007ff97f0fb000 	C:\WINDOWS\SYSTEM32\kernel.appcore.dll
0x00007ff967050000 - 0x00007ff96705a000 	C:\Program Files\Java\jdk-21\bin\jimage.dll
0x00007ff97d7c0000 - 0x00007ff97da02000 	C:\WINDOWS\SYSTEM32\DBGHELP.DLL
0x00007ff9836e0000 - 0x00007ff983a62000 	C:\WINDOWS\System32\combase.dll
0x00007ff9826e0000 - 0x00007ff9827b8000 	C:\WINDOWS\System32\OLEAUT32.dll
0x00007ff95fb80000 - 0x00007ff95fbbb000 	C:\WINDOWS\SYSTEM32\dbgcore.DLL
0x00007ff9804e0000 - 0x00007ff980585000 	C:\WINDOWS\System32\bcryptPrimitives.dll
0x00007ff966d10000 - 0x00007ff966d1f000 	C:\Program Files\Java\jdk-21\bin\instrument.dll
0x00007ff966f20000 - 0x00007ff966f3f000 	C:\Program Files\Java\jdk-21\bin\java.dll
0x00007ff982820000 - 0x00007ff982f87000 	C:\WINDOWS\System32\SHELL32.dll
0x00007ff980840000 - 0x00007ff9809aa000 	C:\WINDOWS\System32\wintypes.dll
0x00007ff980fe0000 - 0x00007ff981848000 	C:\WINDOWS\System32\windows.storage.dll
0x00007ff981970000 - 0x00007ff981a68000 	C:\WINDOWS\System32\SHCORE.dll
0x00007ff983670000 - 0x00007ff9836d6000 	C:\WINDOWS\System32\shlwapi.dll
0x00007ff9802b0000 - 0x00007ff9802d9000 	C:\WINDOWS\SYSTEM32\profapi.dll
0x00007ff954f20000 - 0x00007ff954ff7000 	C:\Program Files\Java\jdk-21\bin\jsvml.dll
0x00007ff966eb0000 - 0x00007ff966ec8000 	C:\Program Files\Java\jdk-21\bin\zip.dll
0x00007ff967040000 - 0x00007ff967050000 	C:\Program Files\Java\jdk-21\bin\net.dll
0x00007ff977a40000 - 0x00007ff977b6d000 	C:\WINDOWS\SYSTEM32\WINHTTP.dll
0x00007ff97f630000 - 0x00007ff97f69c000 	C:\WINDOWS\system32\mswsock.dll
0x00007ff966f00000 - 0x00007ff966f16000 	C:\Program Files\Java\jdk-21\bin\nio.dll
0x00007ff966d20000 - 0x00007ff966d29000 	C:\Program Files\Java\jdk-21\bin\extnet.dll
0x00007ff966f70000 - 0x00007ff966f80000 	C:\Program Files\Java\jdk-21\bin\verify.dll
0x00007ff967060000 - 0x00007ff96706a000 	C:\Program Files\Java\jdk-21\bin\management.dll
0x00007ff966d90000 - 0x00007ff966d9b000 	C:\Program Files\Java\jdk-21\bin\management_ext.dll
0x00007ff9832d0000 - 0x00007ff9832d8000 	C:\WINDOWS\System32\PSAPI.DLL
0x00007ff966ef0000 - 0x00007ff966efe000 	C:\Program Files\Java\jdk-21\bin\sunmscapi.dll
0x00007ff9809b0000 - 0x00007ff980b27000 	C:\WINDOWS\System32\CRYPT32.dll
0x00007ff97fb90000 - 0x00007ff97fbc0000 	C:\WINDOWS\SYSTEM32\ncrypt.dll
0x00007ff97fb40000 - 0x00007ff97fb7f000 	C:\WINDOWS\SYSTEM32\NTASN1.dll
0x00007ff97f9b0000 - 0x00007ff97f9cb000 	C:\WINDOWS\SYSTEM32\CRYPTSP.dll
0x00007ff97f040000 - 0x00007ff97f079000 	C:\WINDOWS\system32\rsaenh.dll
0x00007ff97f6e0000 - 0x00007ff97f713000 	C:\WINDOWS\SYSTEM32\USERENV.dll
0x00007ff980280000 - 0x00007ff9802aa000 	C:\WINDOWS\SYSTEM32\bcrypt.dll
0x00007ff97f8a0000 - 0x00007ff97f8ac000 	C:\WINDOWS\SYSTEM32\CRYPTBASE.dll
0x00007ff97eac0000 - 0x00007ff97eaf2000 	C:\WINDOWS\SYSTEM32\IPHLPAPI.DLL
0x00007ff9832e0000 - 0x00007ff9832ea000 	C:\WINDOWS\System32\NSI.dll
0x00007ff97eb50000 - 0x00007ff97ec82000 	C:\WINDOWS\SYSTEM32\DNSAPI.dll
0x00007ff976ec0000 - 0x00007ff976ecb000 	C:\Windows\System32\rasadhlp.dll
0x00007ff979f90000 - 0x00007ff97a016000 	C:\WINDOWS\System32\fwpuclnt.dll

dbghelp: loaded successfully - version: 4.0.5 - missing functions: none
symbol engine: initialized successfully - sym options: 0x614 - pdb path: .;C:\Program Files\Java\jdk-21\bin;C:\WINDOWS\SYSTEM32;C:\WINDOWS\WinSxS\amd64_microsoft.windows.common-controls_6595b64144ccf1df_6.0.26100.8115_none_3e075c82e3354f9c;C:\Program Files\Java\jdk-21\bin\server

VM Arguments:
jvm_args: -javaagent:C:\Program Files\JetBrains\IntelliJ IDEA 2025.2.4\lib\idea_rt.jar=63970 -Dfile.encoding=UTF-8 -Dsun.stdout.encoding=UTF-8 -Dsun.stderr.encoding=UTF-8 
java_command: com.example.projeto_turismo.ProjetoTurismoApplication
java_class_path (initial): C:\Users\maxsu\Downloads\projeto_turismo\target\classes;C:\Users\maxsu\.m2\repository\org\springframework\boot\spring-boot-starter-web\3.3.5\spring-boot-starter-web-3.3.5.jar;C:\Users\maxsu\.m2\repository\org\springframework\boot\spring-boot-starter\3.3.5\spring-boot-starter-3.3.5.jar;C:\Users\maxsu\.m2\repository\org\springframework\boot\spring-boot-starter-logging\3.3.5\spring-boot-starter-logging-3.3.5.jar;C:\Users\maxsu\.m2\repository\ch\qos\logback\logback-classic\1.5.11\logback-classic-1.5.11.jar;C:\Users\maxsu\.m2\repository\ch\qos\logback\logback-core\1.5.11\logback-core-1.5.11.jar;C:\Users\maxsu\.m2\repository\org\apache\logging\log4j\log4j-to-slf4j\2.23.1\log4j-to-slf4j-2.23.1.jar;C:\Users\maxsu\.m2\repository\org\apache\logging\log4j\log4j-api\2.23.1\log4j-api-2.23.1.jar;C:\Users\maxsu\.m2\repository\org\slf4j\jul-to-slf4j\2.0.16\jul-to-slf4j-2.0.16.jar;C:\Users\maxsu\.m2\repository\jakarta\annotation\jakarta.annotation-api\2.1.1\jakarta.annotation-api-2.1.1.jar;C:\Users\maxsu\.m2\repository\org\yaml\snakeyaml\2.2\snakeyaml-2.2.jar;C:\Users\maxsu\.m2\repository\org\springframework\boot\spring-boot-starter-json\3.3.5\spring-boot-starter-json-3.3.5.jar;C:\Users\maxsu\.m2\repository\com\fasterxml\jackson\datatype\jackson-datatype-jdk8\2.17.2\jackson-datatype-jdk8-2.17.2.jar;C:\Users\maxsu\.m2\repository\com\fasterxml\jackson\datatype\jackson-datatype-jsr310\2.17.2\jackson-datatype-jsr310-2.17.2.jar;C:\Users\maxsu\.m2\repository\com\fasterxml\jackson\module\jackson-module-parameter-names\2.17.2\jackson-module-parameter-names-2.17.2.jar;C:\Users\maxsu\.m2\repository\org\springframework\boot\spring-boot-starter-tomcat\3.3.5\spring-boot-starter-tomcat-3.3.5.jar;C:\Users\maxsu\.m2\repository\org\apache\tomcat\embed\tomcat-embed-core\10.1.31\tomcat-embed-core-10.1.31.jar;C:\Users\maxsu\.m2\repository\org\apache\tomcat\embed\tomcat-embed-websocket\10.1.31\tomcat-embed-websocket-10.1.31.jar;C:\Users\maxsu\.m2\repository\org\springframework\spring-web\6.1.14\spring-web-6.1.14.jar;C:\Users\maxsu\.m2\repository\org\springframework\spring-beans\6.1.14\spring-beans-6.1.14.jar;C:\Users\maxsu\.m2\repository\io\micrometer\micrometer-observation\1.13.6\micrometer-observation-1.13.6.jar;C:\Users\maxsu\.m2\repository\io\micrometer\micrometer-commons\1.13.6\micrometer-commons-1.13.6.jar;C:\Users\maxsu\.m2\repository\org\springframework\spring-webmvc\6.1.14\spring-webmvc-6.1.14.jar;C:\Users\maxsu\.m2\repository\org\springframework\spring-context\6.1.14\spring-context-6.1.14.jar;C:\Users\maxsu\.m2\repository\org\springframework\spring-expression\6.1.14\spring-expression-6.1.14.jar;C:\Users\maxsu\.m2\repository\org\springframework\boot\spring-boot-starter-data-jpa\3.3.5\spring-boot-starter-data-jpa-3.3.5.jar;C:\Users\maxsu\.m2\repository\org\springframework\boot\spring-boot-starter-aop\3.3.5\spring-boot-starter-aop-3.3.5.jar;C:\Users\maxsu\.m2\repository\org\aspectj\aspectjweaver\1.9.22.1\aspectjweaver-1.9.22.1.jar;C:\Users\maxsu\.m2\repository\org\springframework\boot\spring-boot-starter-jdbc\3.3.5\spring-boot-starter-jdbc-3.3.5.jar;C:\Users\maxsu\.m2\repository\com\zaxxer\HikariCP\5.1.0\HikariCP-5.1.0.jar;C:\Users\maxsu\.m2\repository\org\springframework\spring-jdbc\6.1.14\spring-jdbc-6.1.14.jar;C:\Users\maxsu\.m2\repository\org\hibernate\orm\hibernate-core\6.5.3.Final\hibernate-core-6.5.3.Final.jar;C:\Users\maxsu\.m2\repository\jakarta\persistence\jakarta.persistence-api\3.1.0\jakarta.persistence-api-3.1.0.jar;C:\Users\maxsu\.m2\repository\jakarta\transaction\jakarta.transaction-api\2.0.1\jakarta.transaction-api-2.0.1.jar;C:\Users\maxsu\.m2\repository\org\jboss\logging\jboss-logging\3.5.3.Final\jboss-logging-3.5.3.Final.jar;C:\Users\maxsu\.m2\repository\org\hibernate\common\hibernate-commons-annotations\6.0.6.Final\hibernate-commons-annotations-6.0.6.Final.jar;C:\Users\maxsu\.m2\repository\io\smallrye\jandex\3.1.2\jandex-3.1.2.jar;C:\Users\maxsu\.m2\repository\com\fasterxml\classmate\1.7.0\classmate-1.7.0.jar;C:\Users\maxsu\.m2\repository\net\bytebuddy\byte-buddy\1.14.19\byte-buddy-1.14.19.jar;C:\Users\maxsu\.m2\repository\org\glassfish\jaxb\jaxb-runtime\4.0.5\jaxb-runtime-4.0.5.jar;C:\Users\maxsu\.m2\repository\org\glassfish\jaxb\jaxb-core\4.0.5\jaxb-core-4.0.5.jar;C:\Users\maxsu\.m2\repository\org\eclipse\angus\angus-activation\2.0.2\angus-activation-2.0.2.jar;C:\Users\maxsu\.m2\repository\org\glassfish\jaxb\txw2\4.0.5\txw2-4.0.5.jar;C:\Users\maxsu\.m2\repository\com\sun\istack\istack-commons-runtime\4.1.2\istack-commons-runtime-4.1.2.jar;C:\Users\maxsu\.m2\repository\jakarta\inject\jakarta.inject-api\2.0.1\jakarta.inject-api-2.0.1.jar;C:\Users\maxsu\.m2\repository\org\antlr\antlr4-runtime\4.13.0\antlr4-runtime-4.13.0.jar;C:\Users\maxsu\.m2\repository\org\springframework\data\spring-data-jpa\3.3.5\spring-data-jpa-3.3.5.jar;C:\Users\maxsu\.m2\repository\org\springframework\data\spring-data-commons\3.3.5\spring-data-commons-3.3.5.jar;C:\Users\maxsu\.m2\repository\org\springframework\spring-orm\6.1.14\spring-orm-6.1.14.jar;C:\Users\maxsu\.m2\repository\org\springframework\spring-tx\6.1.14\spring-tx-6.1.14.jar;C:\Users\maxsu\.m2\repository\org\slf4j\slf4j-api\2.0.16\slf4j-api-2.0.16.jar;C:\Users\maxsu\.m2\repository\org\springframework\spring-aspects\6.1.14\spring-aspects-6.1.14.jar;C:\Users\maxsu\.m2\repository\com\mysql\mysql-connector-j\8.3.0\mysql-connector-j-8.3.0.jar;C:\Users\maxsu\.m2\repository\org\flywaydb\flyway-core\10.10.0\flyway-core-10.10.0.jar;C:\Users\maxsu\.m2\repository\com\fasterxml\jackson\dataformat\jackson-dataformat-toml\2.17.2\jackson-dataformat-toml-2.17.2.jar;C:\Users\maxsu\.m2\repository\com\google\code\gson\gson\2.10.1\gson-2.10.1.jar;C:\Users\maxsu\.m2\repository\com\google\api-client\google-api-client\2.7.0\google-api-client-2.7.0.jar;C:\Users\maxsu\.m2\repository\commons-codec\commons-codec\1.16.1\commons-codec-1.16.1.jar;C:\Users\maxsu\.m2\repository\com\google\oauth-client\google-oauth-client\1.36.0\google-oauth-client-1.36.0.jar;C:\Users\maxsu\.m2\repository\com\google\auth\google-auth-library-credentials\1.23.0\google-auth-library-credentials-1.23.0.jar;C:\Users\maxsu\.m2\repository\com\google\auth\google-auth-library-oauth2-http\1.23.0\google-auth-library-oauth2-http-1.23.0.jar;C:\Users\maxsu\.m2\repository\com\google\auto\value\auto-value-annotations\1.10.4\auto-value-annotations-1.10.4.jar;C:\Users\maxsu\.m2\repository\com\google\code\findbugs\jsr305\3.0.2\jsr305-3.0.2.jar;C:\Users\maxsu\.m2\repository\com\google\errorprone\error_prone_annotations\2.18.0\error_prone_annotations-2.18.0.jar;C:\Users\maxsu\.m2\repository\com\google\http-client\google-http-client-gson\1.45.0\google-http-client-gson-1.45.0.jar;C:\Users\maxsu\.m2\repository\com\google\guava\guava\33.1.0-jre\guava-33.1.0-jre.jar;C:\Users\maxsu\.m2\repository\com\google\guava\failureaccess\1.0.2\failureaccess-1.0.2.jar;C:\Users\maxsu\.m2\repository\com\google\guava\listenablefuture\9999.0-empty-to-avoid-conflict-with-guava\listenablefuture-9999.0-empty-to-avoid-conflict-with-guava.jar;C:\Users\maxsu\.m2\repository\org\checkerframework\checker-qual\3.42.0\checker-qual-3.42.0.jar;C:\Users\maxsu\.m2\repository\com\google\j2objc\j2objc-annotations\3.0.0\j2objc-annotations-3.0.0.jar;C:\Users\maxsu\.m2\repository\com\google\http-client\google-http-client-apache-v2\1.45.0\google-http-client-apache-v2-1.45.0.jar;C:\Users\maxsu\.m2\repository\org\apache\httpcomponents\httpcore\4.4.16\httpcore-4.4.16.jar;C:\Users\maxsu\.m2\repository\org\apache\httpcomponents\httpclient\4.5.14\httpclient-4.5.14.jar;C:\Users\maxsu\.m2\repository\commons-logging\commons-logging\1.2\commons-logging-1.2.jar;C:\Users\maxsu\.m2\repository\com\google\http-client\google-http-client\1.45.0\google-http-client-1.45.0.jar;C:\Users\maxsu\.m2\repository\io\grpc\grpc-context\1.66.0\grpc-context-1.66.0.jar;C:\Users\maxsu\.m2\repository\io\grpc\grpc-api\1.66.0\grpc-api-1.66.0.jar;C:\Users\maxsu\.m2\repository\io\opencensus\opencensus-api\0.31.1\opencensus-api-0.31.1.jar;C:\Users\maxsu\.m2\repository\io\opencensus\opencensus-contrib-http-util\0.31.1\opencensus-contrib-http-util-0.31.1.jar;C:\Users\maxsu\.m2\repository\org\springframework\boot\spring-boot-starter-security\3.3.5\spring-boot-starter-security-3.3.5.jar;C:\Users\maxsu\.m2\repository\org\springframework\spring-aop\6.1.14\spring-aop-6.1.14.jar;C:\Users\maxsu\.m2\repository\org\springframework\security\spring-security-config\6.3.4\spring-security-config-6.3.4.jar;C:\Users\maxsu\.m2\repository\org\springframework\security\spring-security-web\6.3.4\spring-security-web-6.3.4.jar;C:\Users\maxsu\.m2\repository\org\springframework\security\spring-security-core\6.3.4\spring-security-core-6.3.4.jar;C:\Users\maxsu\.m2\repository\org\springframework\security\spring-security-crypto\6.3.4\spring-security-crypto-6.3.4.jar;C:\Users\maxsu\.m2\repository\org\springframework\spring-core\6.1.14\spring-core-6.1.14.jar;C:\Users\maxsu\.m2\repository\org\springframework\spring-jcl\6.1.14\spring-jcl-6.1.14.jar;C:\Users\maxsu\.m2\repository\org\springdoc\springdoc-openapi-starter-webmvc-ui\2.5.0\springdoc-openapi-starter-webmvc-ui-2.5.0.jar;C:\Users\maxsu\.m2\repository\org\springdoc\springdoc-openapi-starter-webmvc-api\2.5.0\springdoc-openapi-starter-webmvc-api-2.5.0.jar;C:\Users\maxsu\.m2\repository\org\springdoc\springdoc-openapi-starter-common\2.5.0\springdoc-openapi-starter-common-2.5.0.jar;C:\Users\maxsu\.m2\repository\io\swagger\core\v3\swagger-core-jakarta\2.2.21\swagger-core-jakarta-2.2.21.jar;C:\Users\maxsu\.m2\repository\io\swagger\core\v3\swagger-annotations-jakarta\2.2.21\swagger-annotations-jakarta-2.2.21.jar;C:\Users\maxsu\.m2\repository\io\swagger\core\v3\swagger-models-jakarta\2.2.21\swagger-models-jakarta-2.2.21.jar;C:\Users\maxsu\.m2\repository\com\fasterxml\jackson\dataformat\jackson-dataformat-yaml\2.17.2\jackson-dataformat-yaml-2.17.2.jar;C:\Users\maxsu\.m2\repository\org\webjars\swagger-ui\5.13.0\swagger-ui-5.13.0.jar;C:\Users\maxsu\.m2\repository\com\auth0\java-jwt\4.5.0\java-jwt-4.5.0.jar;C:\Users\maxsu\.m2\repository\com\fasterxml\jackson\core\jackson-core\2.17.2\jackson-core-2.17.2.jar;C:\Users\maxsu\.m2\repository\com\fasterxml\jackson\core\jackson-databind\2.17.2\jackson-databind-2.17.2.jar;C:\Users\maxsu\.m2\repository\com\fasterxml\jackson\core\jackson-annotations\2.17.2\jackson-annotations-2.17.2.jar;C:\Users\maxsu\.m2\repository\org\flywaydb\flyway-mysql\10.10.0\flyway-mysql-10.10.0.jar;C:\Users\maxsu\.m2\repository\org\springframework\boot\spring-boot-starter-validation\3.3.5\spring-boot-starter-validation-3.3.5.jar;C:\Users\maxsu\.m2\repository\org\apache\tomcat\embed\tomcat-embed-el\10.1.31\tomcat-embed-el-10.1.31.jar;C:\Users\maxsu\.m2\repository\org\hibernate\validator\hibernate-validator\8.0.1.Final\hibernate-validator-8.0.1.Final.jar;C:\Users\maxsu\.m2\repository\jakarta\validation\jakarta.validation-api\3.0.2\jakarta.validation-api-3.0.2.jar;C:\Users\maxsu\.m2\repository\org\projectlombok\lombok\1.18.34\lombok-1.18.34.jar;C:\Users\maxsu\.m2\repository\jakarta\xml\bind\jakarta.xml.bind-api\4.0.2\jakarta.xml.bind-api-4.0.2.jar;C:\Users\maxsu\.m2\repository\jakarta\activation\jakarta.activation-api\2.1.3\jakarta.activation-api-2.1.3.jar;C:\Users\maxsu\.m2\repository\org\apache\commons\commons-lang3\3.12.0\commons-lang3-3.12.0.jar;C:\Users\maxsu\.m2\repository\org\springframework\boot\spring-boot-devtools\3.3.5\spring-boot-devtools-3.3.5.jar;C:\Users\maxsu\.m2\repository\org\springframework\boot\spring-boot\3.3.5\spring-boot-3.3.5.jar;C:\Users\maxsu\.m2\repository\org\springframework\boot\spring-boot-autoconfigure\3.3.5\spring-boot-autoconfigure-3.3.5.jar
Launcher Type: SUN_STANDARD

[Global flags]
     intx CICompilerCount                          = 4                                         {product} {ergonomic}
     uint ConcGCThreads                            = 2                                         {product} {ergonomic}
     uint G1ConcRefinementThreads                  = 8                                         {product} {ergonomic}
   size_t G1HeapRegionSize                         = 1048576                                   {product} {ergonomic}
    uintx GCDrainStackTargetSize                   = 64                                        {product} {ergonomic}
   size_t InitialHeapSize                          = 130023424                                 {product} {ergonomic}
   size_t MarkStackSize                            = 4194304                                   {product} {ergonomic}
   size_t MaxHeapSize                              = 2076180480                                {product} {ergonomic}
   size_t MaxNewSize                               = 1245708288                                {product} {ergonomic}
   size_t MinHeapDeltaBytes                        = 1048576                                   {product} {ergonomic}
   size_t MinHeapSize                              = 8388608                                   {product} {ergonomic}
    uintx NonNMethodCodeHeapSize                   = 5839372                                {pd product} {ergonomic}
    uintx NonProfiledCodeHeapSize                  = 122909434                              {pd product} {ergonomic}
    uintx ProfiledCodeHeapSize                     = 122909434                              {pd product} {ergonomic}
    uintx ReservedCodeCacheSize                    = 251658240                              {pd product} {ergonomic}
     bool SegmentedCodeCache                       = true                                      {product} {ergonomic}
   size_t SoftMaxHeapSize                          = 2076180480                             {manageable} {ergonomic}
     bool UseCompressedOops                        = true                           {product lp64_product} {ergonomic}
     bool UseG1GC                                  = true                                      {product} {ergonomic}
     bool UseLargePagesIndividualAllocation        = false                                  {pd product} {ergonomic}

Logging:
Log output configuration:
 #0: stdout all=warning uptime,level,tags foldmultilines=false
 #1: stderr all=off uptime,level,tags foldmultilines=false

Environment Variables:
JAVA_HOME=C:\Program Files\Java\jdk-21
PATH=C:\Program Files\Common Files\Oracle\Java\javapath;C:\Program Files\Java\jdk-21\bin;C:\Program Files\Microsoft MPI\Bin\;C:\WINDOWS\system32;C:\WINDOWS;C:\WINDOWS\System32\Wbem;C:\WINDOWS\System32\WindowsPowerShell\v1.0\;C:\WINDOWS\System32\OpenSSH\;C:\Program Files (x86)\Microsoft SQL Server\160\Tools\Binn\;C:\Program Files\Microsoft SQL Server\160\Tools\Binn\;C:\Program Files\Microsoft SQL Server\Client SDK\ODBC\170\Tools\Binn\;C:\Program Files\Microsoft SQL Server\160\DTS\Binn\;C:\apache-maven\bin;C:\Program Files\nodejs\;C:\Program Files\Docker\Docker\resources\bin;C:\Program Files\Git\cmd;C:\Users\maxsu\AppData\Local\Programs\Python\Launcher\;C:\Users\maxsu\AppData\Local\Microsoft\WindowsApps;C:\Program Files\Java\jdk-23;C:\Program Files\JetBrains\IntelliJ IDEA 2025.2.4\bin;C:\Users\maxsu\AppData\Local\Programs\Microsoft VS Code\bin;C:\Users\maxsu\AppData\Roaming\npm
USERNAME=maxsu
OS=Windows_NT
PROCESSOR_IDENTIFIER=Intel64 Family 6 Model 154 Stepping 4, GenuineIntel
TMP=C:\Users\maxsu\AppData\Local\Temp
TEMP=C:\Users\maxsu\AppData\Local\Temp




Periodic native trim disabled

---------------  S Y S T E M  ---------------

OS:
 Windows 11 , 64 bit Build 26100 (10.0.26100.8246)
OS uptime: 16 days 2:28 hours
Hyper-V role detected

CPU: total 8 (initial active 8) (4 cores per cpu, 2 threads per core) family 6 model 154 stepping 4 microcode 0x424, cx8, cmov, fxsr, ht, mmx, 3dnowpref, sse, sse2, sse3, ssse3, sse4.1, sse4.2, popcnt, lzcnt, tsc, tscinvbit, avx, avx2, aes, erms, clmul, bmi1, bmi2, adx, sha, fma, vzeroupper, clflush, clflushopt, clwb, hv, serialize, rdtscp, rdpid, fsrm, f16c, cet_ibt, cet_ss
Processor Information for processor 0
  Max Mhz: 1200, Current Mhz: 1200, Mhz Limit: 1200
Processor Information for processor 1
  Max Mhz: 1200, Current Mhz: 1200, Mhz Limit: 1200
Processor Information for processor 2
  Max Mhz: 1200, Current Mhz: 1200, Mhz Limit: 1200
Processor Information for processor 3
  Max Mhz: 1200, Current Mhz: 1200, Mhz Limit: 1200
Processor Information for processor 4
  Max Mhz: 900, Current Mhz: 900, Mhz Limit: 900
Processor Information for processor 5
  Max Mhz: 900, Current Mhz: 900, Mhz Limit: 900
Processor Information for processor 6
  Max Mhz: 900, Current Mhz: 900, Mhz Limit: 900
Processor Information for processor 7
  Max Mhz: 900, Current Mhz: 900, Mhz Limit: 900

Memory: 4k page, system-wide physical 7916M (408M free)
TotalPageFile size 32492M (AvailPageFile size 6M)
current process WorkingSet (physical memory assigned to process): 221M, peak: 226M
current process commit charge ("private bytes"): 257M, peak: 275M

vm_info: Java HotSpot(TM) 64-Bit Server VM (21.0.9+7-LTS-338) for windows-amd64 JRE (21.0.9+7-LTS-338), built on 2025-09-26T06:33:49Z by "mach5run" with MS VC++ 17.6 (VS2022)

END.
